{
  "stats": {
    "suites": 1,
    "tests": 7,
    "passes": 7,
    "pending": 0,
    "failures": 0,
    "start": "2020-03-24T09:50:11.554Z",
    "end": "2020-03-24T09:50:33.271Z",
    "duration": 21717,
    "testsRegistered": 7,
    "passPercent": 100,
    "pendingPercent": 0,
    "other": 0,
    "hasOther": false,
    "skipped": 0,
    "hasSkipped": false
  },
  "results": [
    {
      "uuid": "8eed935a-f3b5-4715-95d3-24b142769459",
      "title": "",
      "fullFile": "cypress\\integration\\examples\\CypressDemo.spec.js",
      "file": "cypress\\integration\\examples\\CypressDemo.spec.js",
      "beforeHooks": [],
      "afterHooks": [],
      "tests": [],
      "suites": [
        {
          "uuid": "6b058bc8-1002-4002-a838-92cceb26d68f",
          "title": "Automation Demo",
          "fullFile": "",
          "file": "",
          "beforeHooks": [],
          "afterHooks": [],
          "tests": [
            {
              "title": "Uploading the file form local",
              "fullTitle": "Automation Demo Uploading the file form local",
              "timedOut": null,
              "duration": 4845,
              "state": "passed",
              "speed": "slow",
              "pass": true,
              "fail": false,
              "pending": false,
              "context": null,
              "code": "cy.visit('https://the-internet.herokuapp.com/upload');\nvar fileName = 'example.json';\ncy.fixture(fileName).then(function (fileContent) {\n  cy.get('#file-upload').upload({\n    fileContent: fileContent,\n    fileName: fileName,\n    mimeType: 'application/json'\n  });\n  cy.get('#file-submit').click();\n  cy.contains('File Uploaded!');\n});",
              "err": {},
              "uuid": "5c289356-b27e-4658-85b4-d1a3ce0e3360",
              "parentUUID": "6b058bc8-1002-4002-a838-92cceb26d68f",
              "isHook": false,
              "skipped": false
            },
            {
              "title": "Enter the data in text input boxes",
              "fullTitle": "Automation Demo Enter the data in text input boxes",
              "timedOut": null,
              "duration": 6405,
              "state": "passed",
              "speed": "slow",
              "pass": true,
              "fail": false,
              "pending": false,
              "context": null,
              "code": "cy.visit('http://demo.automationtesting.in/Register.html');\ncy.xpath('//input[@placeholder=\"First Name\"]').click().type(\"Aakash\"); //cy.get('#basicBootstrapForm > div:nth-child(1) > div:nth-child(2) > input').click().type(\"Mack\")\ncy.get('#basicBootstrapForm > div:nth-child(1) > div:nth-child(3) > input').click().type(\"Jhon\");\ncy.get('#basicBootstrapForm > div:nth-child(2) > div > textarea').click().type(\"USA\");\ncy.get('#eid > input').click().type(\"tyagi487@gmail.com\");\ncy.get('#basicBootstrapForm > div:nth-child(4) > div > input').click().type(\"7865453234\");\ncy.get('#basicBootstrapForm > div:nth-child(5) > div > label:nth-child(2) > input').click();\ncy.log('you have filled all the information correctly');",
              "err": {},
              "uuid": "468b959e-80ab-4af9-b93b-418d4d43415f",
              "parentUUID": "6b058bc8-1002-4002-a838-92cceb26d68f",
              "isHook": false,
              "skipped": false
            },
            {
              "title": "Checking the check boxes and validating data init",
              "fullTitle": "Automation Demo Checking the check boxes and validating data init",
              "timedOut": null,
              "duration": 625,
              "state": "passed",
              "speed": "slow",
              "pass": true,
              "fail": false,
              "pending": false,
              "context": null,
              "code": "cy.get('#checkbox1').check().should('be.checked').and('have.value', 'Cricket');\ncy.get('#checkbox2').check().should('be.checked').and('have.value', 'Movies');\ncy.get('#checkbox3').check().should('be.checked').and('have.value', 'Hockey');",
              "err": {},
              "uuid": "4d7a09c9-b499-4bf3-a518-668807704c92",
              "parentUUID": "6b058bc8-1002-4002-a838-92cceb26d68f",
              "isHook": false,
              "skipped": false
            },
            {
              "title": "Unchecking the check box",
              "fullTitle": "Automation Demo Unchecking the check box",
              "timedOut": null,
              "duration": 425,
              "state": "passed",
              "speed": "slow",
              "pass": true,
              "fail": false,
              "pending": false,
              "context": null,
              "code": "cy.get('#checkbox1').uncheck().should('not.be.checked');\ncy.get('#checkbox2').uncheck().should('not.be.checked');\ncy.get('#checkbox3').uncheck().should('not.be.checked');",
              "err": {},
              "uuid": "9f1f4f04-a93d-45e1-a17b-556bdc065d1b",
              "parentUUID": "6b058bc8-1002-4002-a838-92cceb26d68f",
              "isHook": false,
              "skipped": false
            },
            {
              "title": "checking multiple check boxes at once ",
              "fullTitle": "Automation Demo checking multiple check boxes at once ",
              "timedOut": null,
              "duration": 267,
              "state": "passed",
              "speed": "slow",
              "pass": true,
              "fail": false,
              "pending": false,
              "context": null,
              "code": "cy.get('[type=checkbox]').check(['Cricket', 'Hockey']);",
              "err": {},
              "uuid": "5aec6f3d-53a0-4c16-8929-f5a351de007c",
              "parentUUID": "6b058bc8-1002-4002-a838-92cceb26d68f",
              "isHook": false,
              "skipped": false
            },
            {
              "title": "Handling drop downs",
              "fullTitle": "Automation Demo Handling drop downs",
              "timedOut": null,
              "duration": 280,
              "state": "passed",
              "speed": "slow",
              "pass": true,
              "fail": false,
              "pending": false,
              "context": null,
              "code": "cy.get('#Skills').select('APIs').should('have.value', 'APIs');",
              "err": {},
              "uuid": "ea2624bd-3e22-441b-b689-733bb16b5acf",
              "parentUUID": "6b058bc8-1002-4002-a838-92cceb26d68f",
              "isHook": false,
              "skipped": false
            },
            {
              "title": "Handling dynamic or multi select drop downs",
              "fullTitle": "Automation Demo Handling dynamic or multi select drop downs",
              "timedOut": null,
              "duration": 1116,
              "state": "passed",
              "speed": "slow",
              "pass": true,
              "fail": false,
              "pending": false,
              "context": null,
              "code": "cy.get('#msdd').click();\ncy.get('.ui-corner-all').contains('English').click();\ncy.get('.ui-corner-all').contains('Arabic').click();",
              "err": {},
              "uuid": "7a206711-f4de-4699-ad3a-f4fe9c902f93",
              "parentUUID": "6b058bc8-1002-4002-a838-92cceb26d68f",
              "isHook": false,
              "skipped": false
            }
          ],
          "suites": [],
          "passes": [
            "5c289356-b27e-4658-85b4-d1a3ce0e3360",
            "468b959e-80ab-4af9-b93b-418d4d43415f",
            "4d7a09c9-b499-4bf3-a518-668807704c92",
            "9f1f4f04-a93d-45e1-a17b-556bdc065d1b",
            "5aec6f3d-53a0-4c16-8929-f5a351de007c",
            "ea2624bd-3e22-441b-b689-733bb16b5acf",
            "7a206711-f4de-4699-ad3a-f4fe9c902f93"
          ],
          "failures": [],
          "pending": [],
          "skipped": [],
          "duration": 13963,
          "root": false,
          "rootEmpty": false,
          "_timeout": 2000
        }
      ],
      "passes": [],
      "failures": [],
      "pending": [],
      "skipped": [],
      "duration": 0,
      "root": true,
      "rootEmpty": true,
      "_timeout": 2000
    }
  ],
  "meta": {
    "mocha": {
      "version": "7.1.1"
    },
    "mochawesome": {
      "options": {
        "quiet": false,
        "reportFilename": "mochawesome",
        "saveHtml": true,
        "saveJson": true,
        "consoleReporter": "spec",
        "useInlineDiffs": false,
        "code": true
      },
      "version": "5.0.0"
    },
    "marge": {
      "options": {
        "id": "default",
        "reportDir": "cypress/reports/mocha",
        "quite": "true",
        "overwrite": false,
        "html": true,
        "json": true
      },
      "version": "4.1.0"
    }
  }
}