{
  "stats": {
    "suites": 1,
    "tests": 1,
    "passes": 1,
    "pending": 0,
    "failures": 0,
    "start": "2020-03-24T09:48:33.330Z",
    "end": "2020-03-24T09:48:53.393Z",
    "duration": 20063,
    "testsRegistered": 1,
    "passPercent": 100,
    "pendingPercent": 0,
    "other": 0,
    "hasOther": false,
    "skipped": 0,
    "hasSkipped": false
  },
  "results": [
    {
      "uuid": "2e0653b2-03f2-4732-9106-92525f42723c",
      "title": "",
      "fullFile": "cypress\\integration\\examples\\PageObjectDemo.spec.js",
      "file": "cypress\\integration\\examples\\PageObjectDemo.spec.js",
      "beforeHooks": [],
      "afterHooks": [],
      "tests": [],
      "suites": [
        {
          "uuid": "82f22177-4ac9-4ad2-8a6f-fc1daa219532",
          "title": "Page Object demo",
          "fullFile": "",
          "file": "",
          "beforeHooks": [],
          "afterHooks": [],
          "tests": [
            {
              "title": "Login",
              "fullTitle": "Page Object demo Login",
              "timedOut": null,
              "duration": 19895,
              "state": "passed",
              "speed": "slow",
              "pass": true,
              "fail": false,
              "pending": false,
              "context": null,
              "code": "var lp = new _LoginPage[\"default\"]();\nlp.visit();\nlp.EnterEmail('kstanley@commonareas.work.dev');\nlp.EnterPassword('1234567Aa');\nlp.Submit();",
              "err": {},
              "uuid": "77ec454d-79fa-41e7-a401-9cff27be0c22",
              "parentUUID": "82f22177-4ac9-4ad2-8a6f-fc1daa219532",
              "isHook": false,
              "skipped": false
            }
          ],
          "suites": [],
          "passes": [
            "77ec454d-79fa-41e7-a401-9cff27be0c22"
          ],
          "failures": [],
          "pending": [],
          "skipped": [],
          "duration": 19895,
          "root": false,
          "rootEmpty": false,
          "_timeout": 2000
        }
      ],
      "passes": [],
      "failures": [],
      "pending": [],
      "skipped": [],
      "duration": 0,
      "root": true,
      "rootEmpty": true,
      "_timeout": 2000
    }
  ],
  "meta": {
    "mocha": {
      "version": "7.1.1"
    },
    "mochawesome": {
      "options": {
        "quiet": false,
        "reportFilename": "mochawesome",
        "saveHtml": true,
        "saveJson": true,
        "consoleReporter": "spec",
        "useInlineDiffs": false,
        "code": true
      },
      "version": "5.0.0"
    },
    "marge": {
      "options": {
        "id": "default",
        "reportDir": "cypress/reports/mocha",
        "quite": "true",
        "overwrite": false,
        "html": true,
        "json": true
      },
      "version": "4.1.0"
    }
  }
}