{
  "stats": {
    "suites": 1,
    "tests": 1,
    "passes": 1,
    "pending": 0,
    "failures": 0,
    "start": "2020-03-24T12:27:05.837Z",
    "end": "2020-03-24T12:27:24.140Z",
    "duration": 18303,
    "testsRegistered": 1,
    "passPercent": 100,
    "pendingPercent": 0,
    "other": 0,
    "hasOther": false,
    "skipped": 0,
    "hasSkipped": false
  },
  "results": [
    {
      "uuid": "89769dbf-0168-46f3-bd8e-c3fcffc97488",
      "title": "",
      "fullFile": "cypress\\integration\\examples\\PageObjectDemo.spec.js",
      "file": "cypress\\integration\\examples\\PageObjectDemo.spec.js",
      "beforeHooks": [],
      "afterHooks": [],
      "tests": [],
      "suites": [
        {
          "uuid": "1958f15a-41b4-4b36-b3e6-37d93978dd68",
          "title": "Page Object demo",
          "fullFile": "",
          "file": "",
          "beforeHooks": [],
          "afterHooks": [],
          "tests": [
            {
              "title": "Login",
              "fullTitle": "Page Object demo Login",
              "timedOut": null,
              "duration": 18233,
              "state": "passed",
              "speed": "slow",
              "pass": true,
              "fail": false,
              "pending": false,
              "context": null,
              "code": "var lp = new _LoginPage[\"default\"]();\nlp.visit();\nlp.EnterEmail('kstanley@commonareas.work.dev');\nlp.EnterPassword('1234567Aa');\nlp.Submit();",
              "err": {},
              "uuid": "3380028c-2181-4c1d-bef7-cf4b70dc02d1",
              "parentUUID": "1958f15a-41b4-4b36-b3e6-37d93978dd68",
              "isHook": false,
              "skipped": false
            }
          ],
          "suites": [],
          "passes": [
            "3380028c-2181-4c1d-bef7-cf4b70dc02d1"
          ],
          "failures": [],
          "pending": [],
          "skipped": [],
          "duration": 18233,
          "root": false,
          "rootEmpty": false,
          "_timeout": 2000
        }
      ],
      "passes": [],
      "failures": [],
      "pending": [],
      "skipped": [],
      "duration": 0,
      "root": true,
      "rootEmpty": true,
      "_timeout": 2000
    }
  ],
  "meta": {
    "mocha": {
      "version": "7.1.1"
    },
    "mochawesome": {
      "options": {
        "quiet": false,
        "reportFilename": "mochawesome",
        "saveHtml": true,
        "saveJson": true,
        "consoleReporter": "spec",
        "useInlineDiffs": false,
        "code": true
      },
      "version": "5.0.0"
    },
    "marge": {
      "options": {
        "id": "default",
        "reportDir": "cypress/reports/mocha",
        "quite": "true",
        "overwrite": false,
        "html": true,
        "json": true
      },
      "version": "4.1.0"
    }
  }
}