{
  "stats": {
    "suites": 1,
    "tests": 3,
    "passes": 3,
    "pending": 0,
    "failures": 0,
    "start": "2020-03-24T12:24:16.433Z",
    "end": "2020-03-24T12:24:33.559Z",
    "duration": 17126,
    "testsRegistered": 3,
    "passPercent": 100,
    "pendingPercent": 0,
    "other": 0,
    "hasOther": false,
    "skipped": 0,
    "hasSkipped": false
  },
  "results": [
    {
      "uuid": "5defb681-20a7-4331-9cde-122e72739225",
      "title": "",
      "fullFile": "cypress\\integration\\examples\\navigation.spec.js",
      "file": "cypress\\integration\\examples\\navigation.spec.js",
      "beforeHooks": [],
      "afterHooks": [],
      "tests": [],
      "suites": [
        {
          "uuid": "ac84b05c-f604-4cac-b44c-d931ea48a392",
          "title": "Navigation",
          "fullFile": "",
          "file": "",
          "beforeHooks": [],
          "afterHooks": [],
          "tests": [
            {
              "title": "cy.go() - go back or forward in the browser's history",
              "fullTitle": "Navigation cy.go() - go back or forward in the browser's history",
              "timedOut": null,
              "duration": 6164,
              "state": "passed",
              "speed": "slow",
              "pass": true,
              "fail": false,
              "pending": false,
              "context": null,
              "code": "// https://on.cypress.io/go\ncy.location('pathname').should('include', 'navigation');\ncy.go('back');\ncy.location('pathname').should('not.include', 'navigation');\ncy.go('forward');\ncy.location('pathname').should('include', 'navigation'); // clicking back\ncy.go(-1);\ncy.location('pathname').should('not.include', 'navigation'); // clicking forward\ncy.go(1);\ncy.location('pathname').should('include', 'navigation');",
              "err": {},
              "uuid": "58b16afa-58be-41f3-b274-924b3aecc1d9",
              "parentUUID": "ac84b05c-f604-4cac-b44c-d931ea48a392",
              "isHook": false,
              "skipped": false
            },
            {
              "title": "cy.reload() - reload the page",
              "fullTitle": "Navigation cy.reload() - reload the page",
              "timedOut": null,
              "duration": 2926,
              "state": "passed",
              "speed": "slow",
              "pass": true,
              "fail": false,
              "pending": false,
              "context": null,
              "code": "// https://on.cypress.io/reload\ncy.reload(); // reload the page without using the cache\ncy.reload(true);",
              "err": {},
              "uuid": "49081120-7af5-4e73-bc76-7474ec19bca8",
              "parentUUID": "ac84b05c-f604-4cac-b44c-d931ea48a392",
              "isHook": false,
              "skipped": false
            },
            {
              "title": "cy.visit() - visit a remote url",
              "fullTitle": "Navigation cy.visit() - visit a remote url",
              "timedOut": null,
              "duration": 3896,
              "state": "passed",
              "speed": "slow",
              "pass": true,
              "fail": false,
              "pending": false,
              "context": null,
              "code": "// https://on.cypress.io/visit\n// Visit any sub-domain of your current domain\n// Pass options to the visit\ncy.visit('https://example.cypress.io/commands/navigation', {\n  timeout: 50000,\n  // increase total time for the visit to resolve\n  onBeforeLoad: function onBeforeLoad(contentWindow) {\n    // contentWindow is the remote page's window object\n    expect((0, _typeof2[\"default\"])(contentWindow) === 'object').to.be[\"true\"];\n  },\n  onLoad: function onLoad(contentWindow) {\n    // contentWindow is the remote page's window object\n    expect((0, _typeof2[\"default\"])(contentWindow) === 'object').to.be[\"true\"];\n  }\n});",
              "err": {},
              "uuid": "c6ec48fb-c89e-4cb2-a903-b1c474447f6f",
              "parentUUID": "ac84b05c-f604-4cac-b44c-d931ea48a392",
              "isHook": false,
              "skipped": false
            }
          ],
          "suites": [],
          "passes": [
            "58b16afa-58be-41f3-b274-924b3aecc1d9",
            "49081120-7af5-4e73-bc76-7474ec19bca8",
            "c6ec48fb-c89e-4cb2-a903-b1c474447f6f"
          ],
          "failures": [],
          "pending": [],
          "skipped": [],
          "duration": 12986,
          "root": false,
          "rootEmpty": false,
          "_timeout": 2000
        }
      ],
      "passes": [],
      "failures": [],
      "pending": [],
      "skipped": [],
      "duration": 0,
      "root": true,
      "rootEmpty": true,
      "_timeout": 2000
    }
  ],
  "meta": {
    "mocha": {
      "version": "7.1.1"
    },
    "mochawesome": {
      "options": {
        "quiet": false,
        "reportFilename": "mochawesome",
        "saveHtml": true,
        "saveJson": true,
        "consoleReporter": "spec",
        "useInlineDiffs": false,
        "code": true
      },
      "version": "5.0.0"
    },
    "marge": {
      "options": {
        "id": "default",
        "reportDir": "cypress/reports/mocha",
        "quite": "true",
        "overwrite": false,
        "html": true,
        "json": true
      },
      "version": "4.1.0"
    }
  }
}