{
  "stats": {
    "suites": 1,
    "tests": 1,
    "passes": 1,
    "pending": 0,
    "failures": 0,
    "start": "2020-03-26T07:55:01.768Z",
    "end": "2020-03-26T07:55:18.642Z",
    "duration": 16874,
    "testsRegistered": 1,
    "passPercent": 100,
    "pendingPercent": 0,
    "other": 0,
    "hasOther": false,
    "skipped": 0,
    "hasSkipped": false
  },
  "results": [
    {
      "uuid": "689ef3cb-e746-4e73-a7f2-a32966c035c4",
      "title": "",
      "fullFile": "cypress\\integration\\MyProject\\WebInteraction.spec.js",
      "file": "cypress\\integration\\MyProject\\WebInteraction.spec.js",
      "beforeHooks": [],
      "afterHooks": [],
      "tests": [],
      "suites": [
        {
          "uuid": "781636a3-10f7-4793-9544-9ea0732fe0ac",
          "title": "Web interaction",
          "fullFile": "",
          "file": "",
          "beforeHooks": [],
          "afterHooks": [],
          "tests": [
            {
              "title": "Dropdown",
              "fullTitle": "Web interaction Dropdown",
              "timedOut": null,
              "duration": 7439,
              "state": "passed",
              "speed": "slow",
              "pass": true,
              "fail": false,
              "pending": false,
              "context": null,
              "code": "cy.get('#dropdown').select('Option 1');\ncy.get('#dropdown').children().first().then(function ($dropdownEle) {\n  cy.log($dropdownEle.text());\n});",
              "err": {},
              "uuid": "95fd993a-6e33-4bdd-b0ea-55d0717d82f4",
              "parentUUID": "781636a3-10f7-4793-9544-9ea0732fe0ac",
              "isHook": false,
              "skipped": false
            }
          ],
          "suites": [],
          "passes": [
            "95fd993a-6e33-4bdd-b0ea-55d0717d82f4"
          ],
          "failures": [],
          "pending": [],
          "skipped": [],
          "duration": 7439,
          "root": false,
          "rootEmpty": false,
          "_timeout": 2000
        }
      ],
      "passes": [],
      "failures": [],
      "pending": [],
      "skipped": [],
      "duration": 0,
      "root": true,
      "rootEmpty": true,
      "_timeout": 2000
    }
  ],
  "meta": {
    "mocha": {
      "version": "7.1.1"
    },
    "mochawesome": {
      "options": {
        "quiet": false,
        "reportFilename": "mochawesome",
        "saveHtml": true,
        "saveJson": true,
        "consoleReporter": "spec",
        "useInlineDiffs": false,
        "code": true
      },
      "version": "5.0.0"
    },
    "marge": {
      "options": {
        "id": "default",
        "reportDir": "cypress/reports/mocha",
        "quite": "true",
        "overwrite": false,
        "html": true,
        "json": true
      },
      "version": "4.1.0"
    }
  }
}