{
  "stats": {
    "suites": 1,
    "tests": 1,
    "passes": 1,
    "pending": 0,
    "failures": 0,
    "start": "2020-05-20T09:06:41.602Z",
    "end": "2020-05-20T09:08:11.228Z",
    "duration": 89626,
    "testsRegistered": 1,
    "passPercent": 100,
    "pendingPercent": 0,
    "other": 0,
    "hasOther": false,
    "skipped": 0,
    "hasSkipped": false
  },
  "results": [
    {
      "uuid": "e3f120da-721c-423d-a810-d4f1381df555",
      "title": "",
      "fullFile": "cypress\\integration\\SignUpTestCases\\MailinatorActiveAccount.spec.js",
      "file": "cypress\\integration\\SignUpTestCases\\MailinatorActiveAccount.spec.js",
      "beforeHooks": [],
      "afterHooks": [],
      "tests": [],
      "suites": [
        {
          "uuid": "01d7fde8-13c5-4e39-b0dc-3a01bca19c0d",
          "title": "Activation Mailinator Account for Random New Sign up User ",
          "fullFile": "",
          "file": "",
          "beforeHooks": [],
          "afterHooks": [],
          "tests": [
            {
              "title": "Verifying Email Id for Randomly generated New User on Mailinator site",
              "fullTitle": "Activation Mailinator Account for Random New Sign up User  Verifying Email Id for Randomly generated New User on Mailinator site",
              "timedOut": null,
              "duration": 64977,
              "state": "passed",
              "speed": "slow",
              "pass": true,
              "fail": false,
              "pending": false,
              "context": null,
              "code": "//PageObject\nvar sp = new _SignUpPage[\"default\"]();\nsp.mailinatorSite();\ncy.url().should(\"include\", \"mailinator.com\");\nsp.EnterMailinatorEmail(this.Credentials.UserEmail);\ncy.log(\"User Email has been Entered\"); // cy.eyesCheckWindow(\"User Mail\");\n//Click on Go\nsp.Go();\ncy.wait(3000); //cy.eyesCheckWindow(\"Common Aera Mail in the inbox\");\ncy.contains(\"Common Areas - Account Activation\").click(); //debugger\ncy.wait(5000); //cy.eyesCheckWindow();\n//New Sign up user Account Verification on mailinator\nsp.ActiveAccount();\ncy.wait(5000);\ncy.log(\"New user Account has been verified successfully on Mailinator\");",
              "err": {},
              "uuid": "d61750cd-f6bb-4e91-90b3-b5aa4afea781",
              "parentUUID": "01d7fde8-13c5-4e39-b0dc-3a01bca19c0d",
              "isHook": false,
              "skipped": false
            }
          ],
          "suites": [],
          "passes": [
            "d61750cd-f6bb-4e91-90b3-b5aa4afea781"
          ],
          "failures": [],
          "pending": [],
          "skipped": [],
          "duration": 64977,
          "root": false,
          "rootEmpty": false,
          "_timeout": 2000
        }
      ],
      "passes": [],
      "failures": [],
      "pending": [],
      "skipped": [],
      "duration": 0,
      "root": true,
      "rootEmpty": true,
      "_timeout": 2000
    }
  ],
  "meta": {
    "mocha": {
      "version": "7.0.1"
    },
    "mochawesome": {
      "options": {
        "quiet": false,
        "reportFilename": "mochawesome",
        "saveHtml": true,
        "saveJson": true,
        "consoleReporter": "spec",
        "useInlineDiffs": false,
        "code": true
      },
      "version": "5.0.0"
    },
    "marge": {
      "options": {
        "id": "default",
        "reportDir": "cypress/reports/mocha",
        "quite": "true",
        "overwrite": false,
        "html": true,
        "json": true
      },
      "version": "4.1.0"
    }
  }
}