{
  "stats": {
    "suites": 1,
    "tests": 1,
    "passes": 1,
    "pending": 0,
    "failures": 0,
    "start": "2020-05-20T09:02:26.811Z",
    "end": "2020-05-20T09:03:51.648Z",
    "duration": 84837,
    "testsRegistered": 1,
    "passPercent": 100,
    "pendingPercent": 0,
    "other": 0,
    "hasOther": false,
    "skipped": 0,
    "hasSkipped": false
  },
  "results": [
    {
      "uuid": "e226d436-3876-4c45-af45-30cd6c4370d8",
      "title": "",
      "fullFile": "cypress\\integration\\SignUpTestCases\\NewUserSignUp.spec.js",
      "file": "cypress\\integration\\SignUpTestCases\\NewUserSignUp.spec.js",
      "beforeHooks": [],
      "afterHooks": [],
      "tests": [],
      "suites": [
        {
          "uuid": "9f2ff498-85d4-45ed-9935-5fb264d311aa",
          "title": "Sign up for a New User",
          "fullFile": "",
          "file": "",
          "beforeHooks": [],
          "afterHooks": [],
          "tests": [
            {
              "title": "New User Sign up",
              "fullTitle": "Sign up for a New User New User Sign up",
              "timedOut": null,
              "duration": 59753,
              "state": "passed",
              "speed": "slow",
              "pass": true,
              "fail": false,
              "pending": false,
              "context": null,
              "code": "//PageObject\nvar sp = new _SignUpPage[\"default\"]();\nsp.visit();\ncy.wait(3000); // cy.eyesCheckWindow()\ncy.url().should(\"include\", \"app.ca-test.com/Public/Login?ReturnUrl=%2F\");\nsp.SignUpbtn();\ncy.url().should(\"include\", \"Register/Create\"); //cy.eyesCheckWindow('Sign Up Page')\n//Sign Up detalis Custom Commands coming from command.js\ncy.SignUpUserFirstName(this.Credentials.Fname);\ncy.SignUpUserLastName(this.Credentials.Lname);\ncy.SignUpUserEmail(this.Credentials.UserEmail);\ncy.ConfirmEmailAddress(this.Credentials.UserEmail);\ncy.SignUpUserPassword(this.Credentials.Password);\ncy.ConfirmPassword(this.Credentials.Password);\ncy.get('[name=\"ContactInformation.CompanyType\"]').scrollIntoView({\n  force: true\n});\ncy.wait(3000);\ncy.get('[name=\"ContactInformation.CompanyType\"]').select(\"Facility Management\"); //cy.eyesCheckWindow(\"Getting User Details\");\n//Click on Submit to Create the user\ncy.get(\".icon:nth-child(1)\").click();\ncy.wait(5000);\ncy.log(\"New User has been signed up successfully\"); //Assertion\ncy.get(\".login-message\").should(\"have.text\", \"An email has been sent to you to verify the email address you provided with a link to activate your account.\"); // cy.eyesCheckWindow(\"New user Signed Up\");\ncy.wait(5000);\ncy.get(\".icon\").click();\ncy.url().should(\"include\", \"/Public/Login\");\ncy.wait(3000); //cy.eyesCheckWindow();",
              "err": {},
              "uuid": "592429f4-ad05-4b43-b793-4faf19fc2b37",
              "parentUUID": "9f2ff498-85d4-45ed-9935-5fb264d311aa",
              "isHook": false,
              "skipped": false
            }
          ],
          "suites": [],
          "passes": [
            "592429f4-ad05-4b43-b793-4faf19fc2b37"
          ],
          "failures": [],
          "pending": [],
          "skipped": [],
          "duration": 59753,
          "root": false,
          "rootEmpty": false,
          "_timeout": 2000
        }
      ],
      "passes": [],
      "failures": [],
      "pending": [],
      "skipped": [],
      "duration": 0,
      "root": true,
      "rootEmpty": true,
      "_timeout": 2000
    }
  ],
  "meta": {
    "mocha": {
      "version": "7.0.1"
    },
    "mochawesome": {
      "options": {
        "quiet": false,
        "reportFilename": "mochawesome",
        "saveHtml": true,
        "saveJson": true,
        "consoleReporter": "spec",
        "useInlineDiffs": false,
        "code": true
      },
      "version": "5.0.0"
    },
    "marge": {
      "options": {
        "id": "default",
        "reportDir": "cypress/reports/mocha",
        "quite": "true",
        "overwrite": false,
        "html": true,
        "json": true
      },
      "version": "4.1.0"
    }
  }
}