{
  "stats": {
    "suites": 1,
    "tests": 1,
    "passes": 0,
    "pending": 0,
    "failures": 1,
    "start": "2020-04-24T10:39:12.959Z",
    "end": "2020-04-24T10:39:30.947Z",
    "duration": 17988,
    "testsRegistered": 1,
    "passPercent": 0,
    "pendingPercent": 0,
    "other": 0,
    "hasOther": false,
    "skipped": 0,
    "hasSkipped": false
  },
  "results": [
    {
      "uuid": "6fe313ba-45b5-4a7c-b784-c75d0af0592a",
      "title": "",
      "fullFile": "cypress\\integration\\MyProject\\Todo.spec.js",
      "file": "cypress\\integration\\MyProject\\Todo.spec.js",
      "beforeHooks": [],
      "afterHooks": [],
      "tests": [],
      "suites": [
        {
          "uuid": "951cc0f4-f9a9-4b31-a736-60451ccc7a4d",
          "title": "Dubugging todo items",
          "fullFile": "",
          "file": "",
          "beforeHooks": [],
          "afterHooks": [],
          "tests": [
            {
              "title": "adds a todo items",
              "fullTitle": "Dubugging todo items adds a todo items",
              "timedOut": null,
              "duration": 12304,
              "state": "failed",
              "speed": null,
              "pass": false,
              "fail": true,
              "pending": false,
              "context": null,
              "code": "cy.visit('http://todomvc-app-for-testing.surge.sh/'); //debugger;\ncy.title().should('eq', 'TodoMVC');\ncy.get('.new-todo').type('sorry{enter}').type('Helloo{enter}').type('New{enter}');\ncy.get('.new-todo').then(function () {\n  cy.get('.new-todduo').type('Bye{enter}'); //  debugger\n  cy.get('.todo-list li:nth-child(1)').should('have.text', 'New').then(function ($Todo) {// debugger;\n  });\n  cy.get('.todo-list li').should('have.length', 8); // cy.get('.new-todo').type('Bye{enter}')\n  // debugger\n}); //debugger;\n//  cy.get('.todo-list li:nth-child(1)').should('have.text','New')\n//  cy.get('.todo-list li').should('have.length',8)\n//  cy.get('.new-todo').type('Bye{enter}')\n//  cy.get('label').debug()\n//.should('have.text','New')",
              "err": {
                "message": "AssertionError: Timed out retrying: Expected to find element: `.new-todduo`, but never found it.",
                "estack": "AssertionError: Timed out retrying: Expected to find element: `.new-todduo`, but never found it.\n    at ensureExistence (http://todomvc-app-for-testing.surge.sh/__cypress/runner/cypress_runner.js:137438:32)\n    at Object.ensureElExistence (http://todomvc-app-for-testing.surge.sh/__cypress/runner/cypress_runner.js:137456:12)\n    at ensureExistence (http://todomvc-app-for-testing.surge.sh/__cypress/runner/cypress_runner.js:127861:23)\n    at onFailFn (http://todomvc-app-for-testing.surge.sh/__cypress/runner/cypress_runner.js:127899:9)\n    at tryCatcher (http://todomvc-app-for-testing.surge.sh/__cypress/runner/cypress_runner.js:9059:23)\n    at Promise._settlePromiseFromHandler (http://todomvc-app-for-testing.surge.sh/__cypress/runner/cypress_runner.js:6994:31)\n    at Promise._settlePromise (http://todomvc-app-for-testing.surge.sh/__cypress/runner/cypress_runner.js:7051:18)\n    at Promise._settlePromise0 (http://todomvc-app-for-testing.surge.sh/__cypress/runner/cypress_runner.js:7096:10)\n    at Promise._settlePromises (http://todomvc-app-for-testing.surge.sh/__cypress/runner/cypress_runner.js:7172:18)\n    at _drainQueueStep (http://todomvc-app-for-testing.surge.sh/__cypress/runner/cypress_runner.js:3766:12)\n    at _drainQueue (http://todomvc-app-for-testing.surge.sh/__cypress/runner/cypress_runner.js:3759:9)\n    at Async.../../node_modules/bluebird/js/release/async.js.Async._drainQueues (http://todomvc-app-for-testing.surge.sh/__cypress/runner/cypress_runner.js:3775:5)\n    at Async.drainQueues (http://todomvc-app-for-testing.surge.sh/__cypress/runner/cypress_runner.js:3645:14)",
                "diff": null
              },
              "uuid": "1d5ea6c7-e038-4d02-bab6-a61966df677d",
              "parentUUID": "951cc0f4-f9a9-4b31-a736-60451ccc7a4d",
              "isHook": false,
              "skipped": false
            }
          ],
          "suites": [],
          "passes": [],
          "failures": [
            "1d5ea6c7-e038-4d02-bab6-a61966df677d"
          ],
          "pending": [],
          "skipped": [],
          "duration": 12304,
          "root": false,
          "rootEmpty": false,
          "_timeout": 2000
        }
      ],
      "passes": [],
      "failures": [],
      "pending": [],
      "skipped": [],
      "duration": 0,
      "root": true,
      "rootEmpty": true,
      "_timeout": 2000
    }
  ],
  "meta": {
    "mocha": {
      "version": "7.1.1"
    },
    "mochawesome": {
      "options": {
        "quiet": false,
        "reportFilename": "mochawesome",
        "saveHtml": true,
        "saveJson": true,
        "consoleReporter": "spec",
        "useInlineDiffs": false,
        "code": true
      },
      "version": "5.0.0"
    },
    "marge": {
      "options": {
        "id": "default",
        "reportDir": "cypress/reports/mocha",
        "quite": "true",
        "overwrite": false,
        "html": true,
        "json": true
      },
      "version": "4.1.0"
    }
  }
}