{
  "stats": {
    "suites": 1,
    "tests": 2,
    "passes": 2,
    "pending": 0,
    "failures": 0,
    "start": "2020-05-08T12:52:59.490Z",
    "end": "2020-05-08T12:54:28.005Z",
    "duration": 88515,
    "testsRegistered": 2,
    "passPercent": 100,
    "pendingPercent": 0,
    "other": 0,
    "hasOther": false,
    "skipped": 0,
    "hasSkipped": false
  },
  "results": [
    {
      "uuid": "d2a50f17-3e61-42a7-95a6-a8de9809b635",
      "title": "",
      "fullFile": "cypress\\integration\\SignUpTestCases\\NewUserSignUp.spec.js",
      "file": "cypress\\integration\\SignUpTestCases\\NewUserSignUp.spec.js",
      "beforeHooks": [],
      "afterHooks": [],
      "tests": [],
      "suites": [
        {
          "uuid": "35b17741-dd64-4eab-b22a-38c87c61d483",
          "title": "Sign up for a New User",
          "fullFile": "",
          "file": "",
          "beforeHooks": [],
          "afterHooks": [],
          "tests": [
            {
              "title": "Sign Up for a new User",
              "fullTitle": "Sign up for a New User Sign Up for a new User",
              "timedOut": null,
              "duration": 45772,
              "state": "passed",
              "speed": "slow",
              "pass": true,
              "fail": false,
              "pending": false,
              "context": null,
              "code": "var sp = new _SignUpPage[\"default\"]();\nsp.visit();\ncy.wait(3000);\ncy.url().should('include', 'app.ca-test.com/Public/Login?ReturnUrl=%2F');\nsp.SignUpbtn();\ncy.url().should('include', 'Register/Create'); //Sign Up detalis data coming from command.js\ncy.SignUpUserFirstName(this.data.FirstName);\ncy.SignUpUserLastName(this.data.LastName);\ncy.SignUpUserEmail(this.data.UserEmail);\ncy.ConfirmEmailAddress(this.data.UserEmail);\ncy.SignUpUserPassword(this.data.Password);\ncy.ConfirmPassword(this.data.Password);\ncy.get('[name=\"ContactInformation.CompanyType\"]').scrollIntoView({\n  force: true\n});\ncy.wait(5000);\ncy.get('[name=\"ContactInformation.CompanyType\"]').select('Facility Management'); //Click on Submit to Create the user\ncy.get('.icon:nth-child(1)').click();\ncy.wait(5000); //Assertion\ncy.get('.login-message').should('have.text', 'An email has been sent to you to verify the email address you provided with a link to activate your account.');\ncy.wait(5000);\ncy.get('.icon').click();\ncy.url().should('include', '/Public/Login');",
              "err": {},
              "uuid": "0b12edb8-f7ca-476d-83bb-a4926644a8ac",
              "parentUUID": "35b17741-dd64-4eab-b22a-38c87c61d483",
              "isHook": false,
              "skipped": false
            },
            {
              "title": "Verifying the New user Email Id for New User on Mailinator site",
              "fullTitle": "Sign up for a New User Verifying the New user Email Id for New User on Mailinator site",
              "timedOut": null,
              "duration": 23973,
              "state": "passed",
              "speed": "slow",
              "pass": true,
              "fail": false,
              "pending": false,
              "context": null,
              "code": "var sp = new _SignUpPage[\"default\"]();\nsp.mailinatorSite();\ncy.url().should('include', 'mailinator.com');\nsp.EnterMailinatorEmail(this.data.UserEmail); //Click on Go\ncy.get('#go-to-public').click();\ncy.wait(3000);\ncy.contains('Common Areas - Account Activation').click();\ndebugger; // cy.contains('Activate Account').should('be.visible')\n//cy.get('body > table > tbody > tr:nth-child(1) > td > table > tbody > tr:nth-child(2) > td > table > tbody > tr:nth-child(9) > td > table > tbody > tr > td > a')\n// cy.get('body > table > tbody > tr:nth-child(1) > td > table > tbody > tr:nth-child(2) > td > table > tbody > tr:nth-child(9) > td')\n// .click({force:true})\n//sp.ActiveAccount()\n// cy.xpath('/html/body/table/tbody/tr[1]/td/table/tbody/tr[2]/td/table/tbody/tr[9]/td/table/tbody/tr/td/a')\n// .click({force:true})\n//  cy.get('body > table > tbody > tr:nth-child(1) > td > table > tbody > tr:nth-child(2) > td > table > tbody > tr:nth-child(9) > td > table > tbody').contains('Activate Account')\n//.click()",
              "err": {},
              "uuid": "74dabd32-a04c-4dda-9f9b-d815b8c47ae2",
              "parentUUID": "35b17741-dd64-4eab-b22a-38c87c61d483",
              "isHook": false,
              "skipped": false
            }
          ],
          "suites": [],
          "passes": [
            "0b12edb8-f7ca-476d-83bb-a4926644a8ac",
            "74dabd32-a04c-4dda-9f9b-d815b8c47ae2"
          ],
          "failures": [],
          "pending": [],
          "skipped": [],
          "duration": 69745,
          "root": false,
          "rootEmpty": false,
          "_timeout": 2000
        }
      ],
      "passes": [],
      "failures": [],
      "pending": [],
      "skipped": [],
      "duration": 0,
      "root": true,
      "rootEmpty": true,
      "_timeout": 2000
    }
  ],
  "meta": {
    "mocha": {
      "version": "7.1.1"
    },
    "mochawesome": {
      "options": {
        "quiet": false,
        "reportFilename": "mochawesome",
        "saveHtml": true,
        "saveJson": true,
        "consoleReporter": "spec",
        "useInlineDiffs": false,
        "code": true
      },
      "version": "5.0.0"
    },
    "marge": {
      "options": {
        "id": "default",
        "reportDir": "cypress/reports/mocha",
        "quite": "true",
        "overwrite": false,
        "html": true,
        "json": true
      },
      "version": "4.1.0"
    }
  }
}