{
  "stats": {
    "suites": 1,
    "tests": 1,
    "passes": 1,
    "pending": 0,
    "failures": 0,
    "start": "2020-03-24T12:14:07.332Z",
    "end": "2020-03-24T12:15:17.235Z",
    "duration": 69903,
    "testsRegistered": 1,
    "passPercent": 100,
    "pendingPercent": 0,
    "other": 0,
    "hasOther": false,
    "skipped": 0,
    "hasSkipped": false
  },
  "results": [
    {
      "uuid": "7aa02391-af35-4655-82e5-797e608a42a1",
      "title": "",
      "fullFile": "cypress\\integration\\examples\\commonarea3.spec.js",
      "file": "cypress\\integration\\examples\\commonarea3.spec.js",
      "beforeHooks": [],
      "afterHooks": [],
      "tests": [],
      "suites": [
        {
          "uuid": "aa430d8c-58f7-47b0-aef8-2b15c500f0ec",
          "title": "Navigating to common area",
          "fullFile": "",
          "file": "",
          "beforeHooks": [],
          "afterHooks": [],
          "tests": [
            {
              "title": "Verifying the login functionality",
              "fullTitle": "Navigating to common area Verifying the login functionality",
              "timedOut": null,
              "duration": 69190,
              "state": "passed",
              "speed": "slow",
              "pass": true,
              "fail": false,
              "pending": false,
              "context": null,
              "code": "cy.visit('/');\ncy.get('#UserName').click();\ncy.get('#UserName').type('kstanley@commonareas.work.dev');\ncy.get('#Password').type('1234567Aa');\ncy.get('#login_button').click();\ncy.wait(25000);\ncy.get('.v-btn__content > .theme--dark').click();\ncy.wait(5000);\ncy.get('.v-list-item:nth-child(17) > .v-list-item__content').click();\ncy.wait(5000);\ncy.get('.row:nth-child(1) .v-list-item__subtitle:nth-child(1)').click();\ncy.wait(10000);",
              "err": {},
              "uuid": "fa30360a-f219-4e7f-aa16-f91387a641b2",
              "parentUUID": "aa430d8c-58f7-47b0-aef8-2b15c500f0ec",
              "isHook": false,
              "skipped": false
            }
          ],
          "suites": [],
          "passes": [
            "fa30360a-f219-4e7f-aa16-f91387a641b2"
          ],
          "failures": [],
          "pending": [],
          "skipped": [],
          "duration": 69190,
          "root": false,
          "rootEmpty": false,
          "_timeout": 2000
        }
      ],
      "passes": [],
      "failures": [],
      "pending": [],
      "skipped": [],
      "duration": 0,
      "root": true,
      "rootEmpty": true,
      "_timeout": 2000
    }
  ],
  "meta": {
    "mocha": {
      "version": "7.1.1"
    },
    "mochawesome": {
      "options": {
        "quiet": false,
        "reportFilename": "mochawesome",
        "saveHtml": true,
        "saveJson": true,
        "consoleReporter": "spec",
        "useInlineDiffs": false,
        "code": true
      },
      "version": "5.0.0"
    },
    "marge": {
      "options": {
        "id": "default",
        "reportDir": "cypress/reports/mocha",
        "quite": "true",
        "overwrite": false,
        "html": true,
        "json": true
      },
      "version": "4.1.0"
    }
  }
}