{
  "stats": {
    "suites": 1,
    "tests": 3,
    "passes": 3,
    "pending": 0,
    "failures": 0,
    "start": "2020-05-08T12:59:49.636Z",
    "end": "2020-05-08T13:03:25.666Z",
    "duration": 216030,
    "testsRegistered": 3,
    "passPercent": 100,
    "pendingPercent": 0,
    "other": 0,
    "hasOther": false,
    "skipped": 0,
    "hasSkipped": false
  },
  "results": [
    {
      "uuid": "d7e5bf18-5361-4476-9db4-66fa420528d3",
      "title": "",
      "fullFile": "cypress\\integration\\ConnectionsTestCases\\CreatingAndAcceptConnectionRequest.spec.js",
      "file": "cypress\\integration\\ConnectionsTestCases\\CreatingAndAcceptConnectionRequest.spec.js",
      "beforeHooks": [],
      "afterHooks": [],
      "tests": [],
      "suites": [
        {
          "uuid": "61b84d8e-1eba-4aa5-9280-a8c773170c72",
          "title": "Login for new User than Create A new Connection and Accept the request ",
          "fullFile": "",
          "file": "",
          "beforeHooks": [],
          "afterHooks": [],
          "tests": [
            {
              "title": "First Time Login into the appLication for New User",
              "fullTitle": "Login for new User than Create A new Connection and Accept the request  First Time Login into the appLication for New User",
              "timedOut": null,
              "duration": 50265,
              "state": "passed",
              "speed": "slow",
              "pass": true,
              "fail": false,
              "pending": false,
              "context": null,
              "code": "var sp = new _SignUpPage[\"default\"]();\nvar lp = new _LoginPage[\"default\"]();\nsp.visit();\nlp.EnterEmail(this.data.UserEmail);\nlp.EnterPassword(this.data.Password);\nlp.Submit();\ncy.get('#readTerms').click();\ncy.wait(20000); //Welcome User Assertion\ncy.get('#inspire > div.v-application--wrap > div:nth-child(1) > div.root-container.fill-height.fill-width > div.base-layout-main-content.box > div > div.fill-height.body-right-wrapper.col-sm-12.col.col-xs-12.col-md-7.col-lg-8.col-xl-9 > div > div > div > div.px-4.col.col-12 > div').then(function ($WelEle) {\n  var WelcomeTxt = $WelEle.text();\n  cy.log(WelcomeTxt);\n  var username = this.data.FirstName;\n  cy.log(username);\n  expect(WelcomeTxt).eq('Welcome, ' + username + '!Here is an overview of your workspace');\n  cy.wait(3000);\n});",
              "err": {},
              "uuid": "f6be3654-e299-42f9-b610-eb9e9f16dde6",
              "parentUUID": "61b84d8e-1eba-4aa5-9280-a8c773170c72",
              "isHook": false,
              "skipped": false
            },
            {
              "title": "Creating a new connection ",
              "fullTitle": "Login for new User than Create A new Connection and Accept the request  Creating a new connection ",
              "timedOut": null,
              "duration": 86423,
              "state": "passed",
              "speed": "slow",
              "pass": true,
              "fail": false,
              "pending": false,
              "context": null,
              "code": "var lp = new _LoginPage[\"default\"]();\nlp.visit();\nlp.EnterEmail('kstanley@commonareas.work.dev');\nlp.EnterPassword('1234567Aa');\nlp.Submit();\ncy.wait(5000);\nlp.PlusIcon();\nlp.ConnectionIcon();\ncy.ConnectionFirstName(this.data.FirstName);\ncy.ConnectionLastName(this.data.LastName);\ncy.ConnectionEmail(this.data.UserEmail); //click on DropDown\ncy.get('#inspire > div.v-dialog__content.v-dialog__content--active > div > div > div > div.row.position-relative.contact-detail-wrapper.md11.fill-height.new-connection > div.base-layout-main-content.d-flex.pa-0.fill-height.px-8.col > div.row.wrapper-content.px-8.py-4.pb-4 > div > div.v-input.theme--light.v-text-field.v-text-field--is-booted.v-text-field--enclosed.v-text-field--outlined.v-select.v-select--chips.v-select--is-multi > div > div.v-input__slot > div.v-select__slot > div.v-input__append-inner > div').click({\n  force: true\n});\ncy.contains('Meeting').click(); //cy.contains('02').click()\n//cy.contains('LOL').click()\n//Click on Save btn\ncy.get('.button-pop-ups--size').click();\ncy.wait(10000);",
              "err": {},
              "uuid": "7370a21a-806d-4e8b-8fc9-5ff238115ddc",
              "parentUUID": "61b84d8e-1eba-4aa5-9280-a8c773170c72",
              "isHook": false,
              "skipped": false
            },
            {
              "title": "Login Again to appLication for Accepting the Request",
              "fullTitle": "Login for new User than Create A new Connection and Accept the request  Login Again to appLication for Accepting the Request",
              "timedOut": null,
              "duration": 68220,
              "state": "passed",
              "speed": "slow",
              "pass": true,
              "fail": false,
              "pending": false,
              "context": null,
              "code": "var sp = new _SignUpPage[\"default\"]();\nvar lp = new _LoginPage[\"default\"]();\nsp.visit();\nlp.EnterEmail(this.data.UserEmail);\nlp.EnterPassword(this.data.Password);\nlp.Submit();\ncy.wait(10000); //Click On Connection Request notification Icon\ncy.get('.menu-items-icon:nth-child(2) > path').click();\ncy.wait(5000); //click to Accept the Request\ncy.get('.green--text').click(); //cy.get(':nth-child(4) > .v-btn > .v-btn__content > .v-icon').click()\n//Click On HMB icon\ncy.get('.v-btn__content > .theme--dark').click(); //Click on Connection\ncy.get('.v-list-item:nth-child(3) .v-list-item__title').click();\ncy.wait(5000); //cy.get('#action_items_list > div.fill-height.col > div > div > div > div > div.row.list-item-wrapper.contactContainer > div > div.list-item-col-right.col.row-list-item-details > div > div > div.v-list-item__title.truncate')\n//.should('have.text','Kallu Stanley')\n//Click On Created Connection\ncy.get('.company_container:nth-child(1)').should('be.visible').click();",
              "err": {},
              "uuid": "a034e380-50ad-43e5-bfa4-72420ef9ea4d",
              "parentUUID": "61b84d8e-1eba-4aa5-9280-a8c773170c72",
              "isHook": false,
              "skipped": false
            }
          ],
          "suites": [],
          "passes": [
            "f6be3654-e299-42f9-b610-eb9e9f16dde6",
            "7370a21a-806d-4e8b-8fc9-5ff238115ddc",
            "a034e380-50ad-43e5-bfa4-72420ef9ea4d"
          ],
          "failures": [],
          "pending": [],
          "skipped": [],
          "duration": 204908,
          "root": false,
          "rootEmpty": false,
          "_timeout": 2000
        }
      ],
      "passes": [],
      "failures": [],
      "pending": [],
      "skipped": [],
      "duration": 0,
      "root": true,
      "rootEmpty": true,
      "_timeout": 2000
    }
  ],
  "meta": {
    "mocha": {
      "version": "7.1.1"
    },
    "mochawesome": {
      "options": {
        "quiet": false,
        "reportFilename": "mochawesome",
        "saveHtml": true,
        "saveJson": true,
        "consoleReporter": "spec",
        "useInlineDiffs": false,
        "code": true
      },
      "version": "5.0.0"
    },
    "marge": {
      "options": {
        "id": "default",
        "reportDir": "cypress/reports/mocha",
        "quite": "true",
        "overwrite": false,
        "html": true,
        "json": true
      },
      "version": "4.1.0"
    }
  }
}