{
  "stats": {
    "suites": 1,
    "tests": 1,
    "passes": 1,
    "pending": 0,
    "failures": 0,
    "start": "2020-03-24T12:21:09.601Z",
    "end": "2020-03-24T12:21:26.084Z",
    "duration": 16483,
    "testsRegistered": 1,
    "passPercent": 100,
    "pendingPercent": 0,
    "other": 0,
    "hasOther": false,
    "skipped": 0,
    "hasSkipped": false
  },
  "results": [
    {
      "uuid": "2310cc89-ca5e-4dd3-941a-de31a2192dd8",
      "title": "",
      "fullFile": "cypress\\integration\\examples\\Hooks.spec.js",
      "file": "cypress\\integration\\examples\\Hooks.spec.js",
      "beforeHooks": [],
      "afterHooks": [],
      "tests": [],
      "suites": [
        {
          "uuid": "87215a3e-96ab-4d35-9ae5-a5c27fb7506e",
          "title": "Scrolling demo",
          "fullFile": "",
          "file": "",
          "beforeHooks": [],
          "afterHooks": [],
          "tests": [
            {
              "title": "Scrolling ",
              "fullTitle": "Scrolling demo Scrolling ",
              "timedOut": null,
              "duration": 11997,
              "state": "passed",
              "speed": "slow",
              "pass": true,
              "fail": false,
              "pending": false,
              "context": null,
              "code": "cy.visit('https://docs.cypress.io/api/commands/scrollto.html#Syntax'); //cy.scrollTo('center')\ncy.get('p > a:nth-child(3)').click();\ncy.go(-1);\ncy.go(1);\ncy.reload();\ncy.log('Page refreshed');",
              "err": {},
              "uuid": "faf28d16-457c-423f-94ac-2fbc7c28943a",
              "parentUUID": "87215a3e-96ab-4d35-9ae5-a5c27fb7506e",
              "isHook": false,
              "skipped": false
            }
          ],
          "suites": [],
          "passes": [
            "faf28d16-457c-423f-94ac-2fbc7c28943a"
          ],
          "failures": [],
          "pending": [],
          "skipped": [],
          "duration": 11997,
          "root": false,
          "rootEmpty": false,
          "_timeout": 2000
        }
      ],
      "passes": [],
      "failures": [],
      "pending": [],
      "skipped": [],
      "duration": 0,
      "root": true,
      "rootEmpty": true,
      "_timeout": 2000
    }
  ],
  "meta": {
    "mocha": {
      "version": "7.1.1"
    },
    "mochawesome": {
      "options": {
        "quiet": false,
        "reportFilename": "mochawesome",
        "saveHtml": true,
        "saveJson": true,
        "consoleReporter": "spec",
        "useInlineDiffs": false,
        "code": true
      },
      "version": "5.0.0"
    },
    "marge": {
      "options": {
        "id": "default",
        "reportDir": "cypress/reports/mocha",
        "quite": "true",
        "overwrite": false,
        "html": true,
        "json": true
      },
      "version": "4.1.0"
    }
  }
}