{
  "stats": {
    "suites": 1,
    "tests": 1,
    "passes": 0,
    "pending": 0,
    "failures": 1,
    "start": "2020-03-24T12:18:57.947Z",
    "end": "2020-03-24T12:19:15.899Z",
    "duration": 17952,
    "testsRegistered": 1,
    "passPercent": 0,
    "pendingPercent": 0,
    "other": 0,
    "hasOther": false,
    "skipped": 0,
    "hasSkipped": false
  },
  "results": [
    {
      "uuid": "e129a4b8-055d-4625-aa23-9bc4d9d3948c",
      "title": "",
      "fullFile": "cypress\\integration\\examples\\Facebook.spec.js",
      "file": "cypress\\integration\\examples\\Facebook.spec.js",
      "beforeHooks": [],
      "afterHooks": [],
      "tests": [],
      "suites": [
        {
          "uuid": "0bb8fca6-90cc-4c84-819e-9b03d673dc37",
          "title": "Navigating to facebook sign up page",
          "fullFile": "",
          "file": "",
          "beforeHooks": [],
          "afterHooks": [],
          "tests": [
            {
              "title": "Creating new user of facebook",
              "fullTitle": "Navigating to facebook sign up page Creating new user of facebook",
              "timedOut": null,
              "duration": 14267,
              "state": "failed",
              "speed": null,
              "pass": false,
              "fail": true,
              "pending": false,
              "context": null,
              "code": "cy.visit('https://www.facebook.com/');\ncy.get('#u_0_m').click();\ncy.get('#u_0_m').type('sddf');\ncy.get('#u_0_o').click();\ncy.get('#u_0_o').type('sdfd');\ncy.get('#u_0_r').click();\ncy.get('#u_0_r').type('76876577557');\ncy.get('#u_0_w').click();\ncy.get('#u_0_w').type('Akshat@72363534');\ncy.get('#u_0_a').click();\ncy.get('[data-testid=royal_email]').click();\ncy.get('[data-testid=royal_email]').type('akshar@etelligens.com');\ncy.get('[data-testid=royal_pass]').click();\ncy.get('[data-testid=royal_pass]').type('mujeniptabhai');\ncy.get('[data-testid=royal_login_button]').click();\ncy.get('#login_form').submit();",
              "err": {
                "message": "CypressError: Timed out retrying: Expected to find element: '#u_0_a', but never found it.",
                "estack": "CypressError: Timed out retrying: Expected to find element: '#u_0_a', but never found it.\n    at cypressErr (https://www.facebook.com/__cypress/runner/cypress_runner.js:138036:9)\n    at throwErr (https://www.facebook.com/__cypress/runner/cypress_runner.js:137969:11)\n    at Object.throwErrByPath (https://www.facebook.com/__cypress/runner/cypress_runner.js:138017:3)\n    at retry (https://www.facebook.com/__cypress/runner/cypress_runner.js:132299:19)\n    at onFailFn (https://www.facebook.com/__cypress/runner/cypress_runner.js:120514:16)\n    at tryCatcher (https://www.facebook.com/__cypress/runner/cypress_runner.js:164895:23)\n    at Promise._settlePromiseFromHandler (https://www.facebook.com/__cypress/runner/cypress_runner.js:162831:31)\n    at Promise._settlePromise (https://www.facebook.com/__cypress/runner/cypress_runner.js:162888:18)\n    at Promise._settlePromise0 (https://www.facebook.com/__cypress/runner/cypress_runner.js:162933:10)\n    at Promise._settlePromises (https://www.facebook.com/__cypress/runner/cypress_runner.js:163008:18)\n    at Async../node_modules/bluebird/js/release/async.js.Async._drainQueue (https://www.facebook.com/__cypress/runner/cypress_runner.js:159620:16)\n    at Async../node_modules/bluebird/js/release/async.js.Async._drainQueues (https://www.facebook.com/__cypress/runner/cypress_runner.js:159630:10)\n    at Async.drainQueues (https://www.facebook.com/__cypress/runner/cypress_runner.js:159504:14)",
                "diff": null
              },
              "uuid": "60c5445f-a823-47ed-b217-18d2d140a4e8",
              "parentUUID": "0bb8fca6-90cc-4c84-819e-9b03d673dc37",
              "isHook": false,
              "skipped": false
            }
          ],
          "suites": [],
          "passes": [],
          "failures": [
            "60c5445f-a823-47ed-b217-18d2d140a4e8"
          ],
          "pending": [],
          "skipped": [],
          "duration": 14267,
          "root": false,
          "rootEmpty": false,
          "_timeout": 2000
        }
      ],
      "passes": [],
      "failures": [],
      "pending": [],
      "skipped": [],
      "duration": 0,
      "root": true,
      "rootEmpty": true,
      "_timeout": 2000
    }
  ],
  "meta": {
    "mocha": {
      "version": "7.1.1"
    },
    "mochawesome": {
      "options": {
        "quiet": false,
        "reportFilename": "mochawesome",
        "saveHtml": true,
        "saveJson": true,
        "consoleReporter": "spec",
        "useInlineDiffs": false,
        "code": true
      },
      "version": "5.0.0"
    },
    "marge": {
      "options": {
        "id": "default",
        "reportDir": "cypress/reports/mocha",
        "quite": "true",
        "overwrite": false,
        "html": true,
        "json": true
      },
      "version": "4.1.0"
    }
  }
}