{
  "stats": {
    "suites": 1,
    "tests": 1,
    "passes": 1,
    "pending": 0,
    "failures": 0,
    "start": "2020-03-24T12:10:39.204Z",
    "end": "2020-03-24T12:11:32.836Z",
    "duration": 53632,
    "testsRegistered": 1,
    "passPercent": 100,
    "pendingPercent": 0,
    "other": 0,
    "hasOther": false,
    "skipped": 0,
    "hasSkipped": false
  },
  "results": [
    {
      "uuid": "d976479e-3a72-4786-b4c2-914f0a65948d",
      "title": "",
      "fullFile": "cypress\\integration\\examples\\commonarea.spec.js",
      "file": "cypress\\integration\\examples\\commonarea.spec.js",
      "beforeHooks": [],
      "afterHooks": [],
      "tests": [],
      "suites": [
        {
          "uuid": "13a3784f-bace-4a7e-af68-a90600bf2543",
          "title": "Navigating to Common Aera",
          "fullFile": "",
          "file": "",
          "beforeHooks": [],
          "afterHooks": [],
          "tests": [
            {
              "title": "Verifying the login functionality",
              "fullTitle": "Navigating to Common Aera Verifying the login functionality",
              "timedOut": null,
              "duration": 53434,
              "state": "passed",
              "speed": "slow",
              "pass": true,
              "fail": false,
              "pending": false,
              "context": null,
              "code": "cy.visit('/');\ncy.get('#UserName').click();\ncy.get('#UserName').type('kstanley@commonareas.work.dev');\ncy.get('#Password').type('1234567Aa');\ncy.get('#login_button').click();\ncy.wait(25000);\ncy.get('.fill-height > .plus-button .inline-svg').click();\ncy.get('.my-3:nth-child(16) .menu-items-icon').click();",
              "err": {},
              "uuid": "640f429e-7339-4c06-819a-62dae581a377",
              "parentUUID": "13a3784f-bace-4a7e-af68-a90600bf2543",
              "isHook": false,
              "skipped": false
            }
          ],
          "suites": [],
          "passes": [
            "640f429e-7339-4c06-819a-62dae581a377"
          ],
          "failures": [],
          "pending": [],
          "skipped": [],
          "duration": 53434,
          "root": false,
          "rootEmpty": false,
          "_timeout": 2000
        }
      ],
      "passes": [],
      "failures": [],
      "pending": [],
      "skipped": [],
      "duration": 0,
      "root": true,
      "rootEmpty": true,
      "_timeout": 2000
    }
  ],
  "meta": {
    "mocha": {
      "version": "7.1.1"
    },
    "mochawesome": {
      "options": {
        "quiet": false,
        "reportFilename": "mochawesome",
        "saveHtml": true,
        "saveJson": true,
        "consoleReporter": "spec",
        "useInlineDiffs": false,
        "code": true
      },
      "version": "5.0.0"
    },
    "marge": {
      "options": {
        "id": "default",
        "reportDir": "cypress/reports/mocha",
        "quite": "true",
        "overwrite": false,
        "html": true,
        "json": true
      },
      "version": "4.1.0"
    }
  }
}