{
  "stats": {
    "suites": 1,
    "tests": 1,
    "passes": 1,
    "pending": 0,
    "failures": 0,
    "start": "2020-04-28T10:22:52.310Z",
    "end": "2020-04-28T10:25:42.338Z",
    "duration": 170028,
    "testsRegistered": 1,
    "passPercent": 100,
    "pendingPercent": 0,
    "other": 0,
    "hasOther": false,
    "skipped": 0,
    "hasSkipped": false
  },
  "results": [
    {
      "uuid": "9933b53d-4bdc-4b62-b5e1-023fd68018b5",
      "title": "",
      "fullFile": "cypress\\integration\\Automation\\Login.spec.js",
      "file": "cypress\\integration\\Automation\\Login.spec.js",
      "beforeHooks": [],
      "afterHooks": [],
      "tests": [],
      "suites": [
        {
          "uuid": "760b6909-6b95-496d-a3ee-3b42e7730f15",
          "title": "Basic Test Case",
          "fullFile": "",
          "file": "",
          "beforeHooks": [],
          "afterHooks": [],
          "tests": [
            {
              "title": "KitItem Form",
              "fullTitle": "Basic Test Case KitItem Form",
              "timedOut": null,
              "duration": 164281,
              "state": "passed",
              "speed": "slow",
              "pass": true,
              "fail": false,
              "pending": false,
              "context": null,
              "code": "// const lp=new LoginPage()\n// lp.visit(\"https://serviceproviders.ca-test.com/?localdev=true\")\n// lp.EnterEmail('kstanley@commonareas.work.dev')\n// lp.EnterPassword('1234567Aa')\n// lp.Submit()\n//cy.wait(5000)\n//Assert\ncy.title().should('eq', 'Common Areas'); //+ Icon\ncy.get('.fill-height > .plus-button > .v-btn__content > .icon > .inline-svg').click(); //cy.get('[placeholder=\"Search Item\"]').type(this.data.KitName)\n//cy.get('.v-btn__content > .menu-items-icon').click({force:true})\n//cy.contains(\"Work Request\").click()\n// cy.get('.v-btn__content > .menu-items-icon').eq(4).click()\n// .each(function($el, index, $listofEle){\n//     cy.log($el.text())  //return all element text\n//     cy.log($listofEle.length)\n//      if($el.text=='Work Request'){\n//          $el.click()\n//      }\n// })\n//debugger;\n//Click on WorkRequest\ncy.get('.my-3:nth-child(32) .menu-items-icon').click(); //cy.get('.my-3:nth-child(32) use').click();\n//cy.get('.navi-bar--button .inline-svg').click();\n//debugger;\n//clicked on icon\ncy.get('.black--text').click();\ncy.get('.thumb-container:nth-child(1) .selected-icon').click({\n  force: true\n});\ncy.get('.button-pop-ups > .v-btn__content').click();\ncy.get('[placeholder=Name]').type('Work Request'); //Assigning\ncy.get('.searchSelectNone .v-select__selections').click();\ncy.get('.v-list-item:nth-child(1) > .list-item-search').click();\ncy.get('.button-pop-ups--size > .v-btn__content').click();\ncy.get('[placeholder=\"Description\"]').type('Testing'); //cy.get('[placeholder=\"Select Date\"]').click()\n//cy.get('[placeholder=\"Select Priority\"]').click({force:true}).type('{downarrow}').click({force:true})\n//debugger;\n//cy.get('#normal-list-item-1618').contains('Normal').click()\n//cy.get('[placeholder=\"Select Priority\"]').click({force:true}).contains(\"Low\").click()\n//Priorty\ncy.get('[placeholder=\"Select Priority\"]').click({\n  force: true\n});\ncy.get('.v-list-item:nth-child(3) > .v-list-item__content:nth-child(1)').click(); //Date\n//cy.get('#input-1330').click()\n//cy.get(':nth-child(5) > :nth-child(5) > .v-btn > .v-btn__content').click()\n//cy.get('.dateActions > :nth-child(1) > .v-btn__content').click()\n//cy.contains('Status').click()\n//cy.get('.v-input--is-focused .v-select__selections').click();\n//cy.get('[placeholder=\"Select Status\"]').click({force:true})\n//cy.get('.v-input--is-focused .v-select__selections').eq(3).click();\n//cy.get('#list-1579 > .v-list-item:nth-child(4) > .v-list-item__content').click();\ncy.get('.dropzone-area-button:nth-child(2)').scrollIntoView().click({\n  force: true\n});\ncy.get('.thumb-container:nth-child(5) .selected-icon').click({\n  force: true\n});\ncy.get('.container-search > .pop-up--header > .pop-up--header--right > .button-pop-ups--size > .v-btn__content').click({\n  force: true\n}); //cy.get('.button-pop-ups--size > .v-btn__content').click({force:true});\n// cy.get('.wrapper-pictures > :nth-child(1)').click({force:true})\n// //cy.get('.button-pop-ups--size > .v-btn__content').click();\n// cy.get('.container-search > .pop-up--header > .pop-up--header--right').click({force:true});\n//Currency\n//cy.get('#input-1397').click().type('2324')\n//cy.get('#input-1333[placeholder=\"0\"]').type('6767')\n//Click on NewItem\ncy.get('.ma-2:nth-child(2) > .v-btn__content').click();\ncy.get('[placeholder=\"Enter Name\"]').click().type(\"NewKit\");\ncy.get('[placeholder=\"Address\"]').click().type(\"USA\");\ncy.get('[placeholder=\"City\"]').click().type('NYY'); //Save button\ncy.get('#inspire > div:nth-child(1) > div > div > div > div:nth-child(2) > div.navi-bar.fill-height.d-flex.px-6.header-box-border.col.col-12 > div.fill-height.d-flex.align-center.justify-end.px-4.col-md-5.col-lg-7.col-xl-4.col-8 > div.navi-bar-dropdown.fill-height.align-center.overflow-max-width.col-md-9.col-lg-8.col-10 > div > div > div.v-input__slot > div.v-select__slot > div.v-select__selections > button > span').click(); //cy.contains('SAVE').eq(1).click()\n//KitSavebtn\ncy.get('.navi-bar-dropdown:nth-child(2) .v-btn__content').eq(1).click();\ncy.wait(10000);\ncy.get('.button__reset-filters .inline-svg').click();",
              "err": {},
              "uuid": "1c4998c9-62bb-4fc1-bf8e-d1ed10713236",
              "parentUUID": "760b6909-6b95-496d-a3ee-3b42e7730f15",
              "isHook": false,
              "skipped": false
            }
          ],
          "suites": [],
          "passes": [
            "1c4998c9-62bb-4fc1-bf8e-d1ed10713236"
          ],
          "failures": [],
          "pending": [],
          "skipped": [],
          "duration": 164281,
          "root": false,
          "rootEmpty": false,
          "_timeout": 2000
        }
      ],
      "passes": [],
      "failures": [],
      "pending": [],
      "skipped": [],
      "duration": 0,
      "root": true,
      "rootEmpty": true,
      "_timeout": 2000
    }
  ],
  "meta": {
    "mocha": {
      "version": "7.1.1"
    },
    "mochawesome": {
      "options": {
        "quiet": false,
        "reportFilename": "mochawesome",
        "saveHtml": true,
        "saveJson": true,
        "consoleReporter": "spec",
        "useInlineDiffs": false,
        "code": true
      },
      "version": "5.0.0"
    },
    "marge": {
      "options": {
        "id": "default",
        "reportDir": "cypress/reports/mocha",
        "quite": "true",
        "overwrite": false,
        "html": true,
        "json": true
      },
      "version": "4.1.0"
    }
  }
}