{
  "stats": {
    "suites": 1,
    "tests": 1,
    "passes": 1,
    "pending": 0,
    "failures": 0,
    "start": "2020-03-24T12:12:00.633Z",
    "end": "2020-03-24T12:13:29.616Z",
    "duration": 88983,
    "testsRegistered": 1,
    "passPercent": 100,
    "pendingPercent": 0,
    "other": 0,
    "hasOther": false,
    "skipped": 0,
    "hasSkipped": false
  },
  "results": [
    {
      "uuid": "d3091519-3a22-4af1-94dc-14675bbb09ad",
      "title": "",
      "fullFile": "cypress\\integration\\examples\\commonarea2.spec.js",
      "file": "cypress\\integration\\examples\\commonarea2.spec.js",
      "beforeHooks": [],
      "afterHooks": [],
      "tests": [],
      "suites": [
        {
          "uuid": "60e168d3-31c3-417f-b4b5-0e4b3aa1225c",
          "title": "Navigating to Common Aera",
          "fullFile": "",
          "file": "",
          "beforeHooks": [],
          "afterHooks": [],
          "tests": [
            {
              "title": "Verifying the login functionality",
              "fullTitle": "Navigating to Common Aera Verifying the login functionality",
              "timedOut": null,
              "duration": 88649,
              "state": "passed",
              "speed": "slow",
              "pass": true,
              "fail": false,
              "pending": false,
              "context": null,
              "code": "cy.visit('/');\ncy.get('#UserName').click();\ncy.get('#UserName').type('kstanley@commonareas.work.dev');\ncy.get('#Password').type('1234567Aa');\ncy.get('#login_button').click();\ncy.wait(25000);\ncy.get('.v-btn__content > .theme--dark').click();\ncy.wait(5000);\ncy.get('.v-list-item:nth-child(1) > .v-list-item__content').click();\ncy.get('.v-btn__content > .theme--dark').click();\ncy.wait(5000);\ncy.get('.v-list-item:nth-child(4) > .v-list-item__content > .v-list-item__title').click();\ncy.wait(5000);\ncy.get('.row:nth-child(1) .truncate:nth-child(2)').click();\ncy.wait(5000);\ncy.get('.tab_container__tabs:nth-child(1) .v-tab:nth-child(3)').click();\ncy.wait(5000);\ncy.get('.v-btn--flat:nth-child(1) > .v-btn__content > .inline-svg > path').click();\ncy.wait(5000);\ncy.get('.row:nth-child(1) .truncate:nth-child(2)').click();\ncy.wait(3000);\ncy.get('.mb-2:nth-child(1) .v-radio:nth-child(2) .v-input--selection-controls__ripple').click();\ncy.wait(5000);\ncy.get('.ca-button-green:nth-child(2) > .v-btn__content').click();",
              "err": {},
              "uuid": "1bca5389-57c7-4bcc-ba0d-300a19b5c83c",
              "parentUUID": "60e168d3-31c3-417f-b4b5-0e4b3aa1225c",
              "isHook": false,
              "skipped": false
            }
          ],
          "suites": [],
          "passes": [
            "1bca5389-57c7-4bcc-ba0d-300a19b5c83c"
          ],
          "failures": [],
          "pending": [],
          "skipped": [],
          "duration": 88649,
          "root": false,
          "rootEmpty": false,
          "_timeout": 2000
        }
      ],
      "passes": [],
      "failures": [],
      "pending": [],
      "skipped": [],
      "duration": 0,
      "root": true,
      "rootEmpty": true,
      "_timeout": 2000
    }
  ],
  "meta": {
    "mocha": {
      "version": "7.1.1"
    },
    "mochawesome": {
      "options": {
        "quiet": false,
        "reportFilename": "mochawesome",
        "saveHtml": true,
        "saveJson": true,
        "consoleReporter": "spec",
        "useInlineDiffs": false,
        "code": true
      },
      "version": "5.0.0"
    },
    "marge": {
      "options": {
        "id": "default",
        "reportDir": "cypress/reports/mocha",
        "quite": "true",
        "overwrite": false,
        "html": true,
        "json": true
      },
      "version": "4.1.0"
    }
  }
}