{
  "stats": {
    "suites": 1,
    "tests": 1,
    "passes": 0,
    "pending": 0,
    "failures": 1,
    "start": "2020-03-24T12:28:05.548Z",
    "end": "2020-03-24T12:28:17.889Z",
    "duration": 12341,
    "testsRegistered": 1,
    "passPercent": 0,
    "pendingPercent": 0,
    "other": 0,
    "hasOther": false,
    "skipped": 0,
    "hasSkipped": false
  },
  "results": [
    {
      "uuid": "456faaee-5fa7-41e9-ace2-d78682e15f6e",
      "title": "",
      "fullFile": "cypress\\integration\\examples\\sample_spce.js",
      "file": "cypress\\integration\\examples\\sample_spce.js",
      "beforeHooks": [],
      "afterHooks": [],
      "tests": [],
      "suites": [
        {
          "uuid": "dc57263b-4ba0-4886-a7c8-a63c748d4e00",
          "title": "Navigation to google",
          "fullFile": "",
          "file": "",
          "beforeHooks": [],
          "afterHooks": [],
          "tests": [
            {
              "title": "Go to google home page",
              "fullTitle": "Navigation to google Go to google home page",
              "timedOut": null,
              "duration": 8531,
              "state": "failed",
              "speed": null,
              "pass": false,
              "fail": true,
              "pending": false,
              "context": null,
              "code": "cy.visit('https://google.com/');\ncy.xpath('//input[@name=q]').click().type(\"Google\");",
              "err": {
                "message": "CypressError: Timed out retrying: Expected to find element: 'undefined', but never found it.",
                "estack": "CypressError: Timed out retrying: Expected to find element: 'undefined', but never found it.\n    at cypressErr (https://www.google.com/__cypress/runner/cypress_runner.js:138036:9)\n    at throwErr (https://www.google.com/__cypress/runner/cypress_runner.js:137969:11)\n    at Object.throwErrByPath (https://www.google.com/__cypress/runner/cypress_runner.js:138017:3)\n    at retry (https://www.google.com/__cypress/runner/cypress_runner.js:132299:19)\n    at onFailFn (https://www.google.com/__cypress/runner/cypress_runner.js:120514:16)\n    at tryCatcher (https://www.google.com/__cypress/runner/cypress_runner.js:164895:23)\n    at Promise._settlePromiseFromHandler (https://www.google.com/__cypress/runner/cypress_runner.js:162831:31)\n    at Promise._settlePromise (https://www.google.com/__cypress/runner/cypress_runner.js:162888:18)\n    at Promise._settlePromise0 (https://www.google.com/__cypress/runner/cypress_runner.js:162933:10)\n    at Promise._settlePromises (https://www.google.com/__cypress/runner/cypress_runner.js:163008:18)\n    at Async../node_modules/bluebird/js/release/async.js.Async._drainQueue (https://www.google.com/__cypress/runner/cypress_runner.js:159620:16)\n    at Async../node_modules/bluebird/js/release/async.js.Async._drainQueues (https://www.google.com/__cypress/runner/cypress_runner.js:159630:10)\n    at Async.drainQueues (https://www.google.com/__cypress/runner/cypress_runner.js:159504:14)",
                "diff": null
              },
              "uuid": "bdae8483-0ab1-42af-a602-e05457230704",
              "parentUUID": "dc57263b-4ba0-4886-a7c8-a63c748d4e00",
              "isHook": false,
              "skipped": false
            }
          ],
          "suites": [],
          "passes": [],
          "failures": [
            "bdae8483-0ab1-42af-a602-e05457230704"
          ],
          "pending": [],
          "skipped": [],
          "duration": 8531,
          "root": false,
          "rootEmpty": false,
          "_timeout": 2000
        }
      ],
      "passes": [],
      "failures": [],
      "pending": [],
      "skipped": [],
      "duration": 0,
      "root": true,
      "rootEmpty": true,
      "_timeout": 2000
    }
  ],
  "meta": {
    "mocha": {
      "version": "7.1.1"
    },
    "mochawesome": {
      "options": {
        "quiet": false,
        "reportFilename": "mochawesome",
        "saveHtml": true,
        "saveJson": true,
        "consoleReporter": "spec",
        "useInlineDiffs": false,
        "code": true
      },
      "version": "5.0.0"
    },
    "marge": {
      "options": {
        "id": "default",
        "reportDir": "cypress/reports/mocha",
        "quite": "true",
        "overwrite": false,
        "html": true,
        "json": true
      },
      "version": "4.1.0"
    }
  }
}