{
  "stats": {
    "suites": 0,
    "tests": 1,
    "passes": 0,
    "pending": 0,
    "failures": 1,
    "start": "2020-03-24T12:19:51.861Z",
    "end": "2020-03-24T12:20:00.771Z",
    "duration": 8910,
    "testsRegistered": 1,
    "passPercent": 0,
    "pendingPercent": 0,
    "other": 0,
    "hasOther": false,
    "skipped": 0,
    "hasSkipped": false
  },
  "results": [
    {
      "uuid": "771c01f7-4168-48b3-a152-7fa13c2b3310",
      "title": "",
      "fullFile": "cypress\\integration\\examples\\FileUpload.spec.js",
      "file": "cypress\\integration\\examples\\FileUpload.spec.js",
      "beforeHooks": [],
      "afterHooks": [],
      "tests": [
        {
          "title": "Uploading the file form local",
          "fullTitle": " Uploading the file form local",
          "timedOut": null,
          "duration": 4765,
          "state": "failed",
          "speed": null,
          "pass": false,
          "fail": true,
          "pending": false,
          "context": null,
          "code": "cy.visit('https://the-internet.herokuapp.com/upload');\nvar fileName = 'example.json';\ncy.fixture(fileName).then(function (fileContent) {\n  cy.get('#file-upload').upload({\n    fileContent: fileContent,\n    fileName: fileName,\n    mimeType: 'application/json'\n  });\n  cy.get('#file-submit').click();\n  cy.contains('File Uploaded!');\n});",
          "err": {
            "message": "Error: 'example.json' is not valid JSON.\nParse error on line 4:\n...ord\": \"1234567Aa\",}\n---------------------^\nExpecting 'STRING', got '}'",
            "estack": "Error: 'example.json' is not valid JSON.\nParse error on line 4:\n...ord\": \"1234567Aa\",}\n---------------------^\nExpecting 'STRING', got '}'\n    at Object.<anonymous> (C:\\Users\\akash\\AppData\\Local\\Cypress\\Cache\\4.1.0\\Cypress\\resources\\app\\packages\\server\\lib\\fixture.js:136:15)\n    at Object.tryCatcher (C:\\Users\\akash\\AppData\\Local\\Cypress\\Cache\\4.1.0\\Cypress\\resources\\app\\packages\\server\\node_modules\\bluebird\\js\\release\\util.js:16:23)\n    at Promise._settlePromiseFromHandler (C:\\Users\\akash\\AppData\\Local\\Cypress\\Cache\\4.1.0\\Cypress\\resources\\app\\packages\\server\\node_modules\\bluebird\\js\\release\\promise.js:547:31)\n    at Promise._settlePromise (C:\\Users\\akash\\AppData\\Local\\Cypress\\Cache\\4.1.0\\Cypress\\resources\\app\\packages\\server\\node_modules\\bluebird\\js\\release\\promise.js:604:18)\n    at Promise._settlePromise0 (C:\\Users\\akash\\AppData\\Local\\Cypress\\Cache\\4.1.0\\Cypress\\resources\\app\\packages\\server\\node_modules\\bluebird\\js\\release\\promise.js:649:10)\n    at Promise._settlePromises (C:\\Users\\akash\\AppData\\Local\\Cypress\\Cache\\4.1.0\\Cypress\\resources\\app\\packages\\server\\node_modules\\bluebird\\js\\release\\promise.js:725:18)\n    at _drainQueueStep (C:\\Users\\akash\\AppData\\Local\\Cypress\\Cache\\4.1.0\\Cypress\\resources\\app\\packages\\server\\node_modules\\bluebird\\js\\release\\async.js:93:12)\n    at _drainQueue (C:\\Users\\akash\\AppData\\Local\\Cypress\\Cache\\4.1.0\\Cypress\\resources\\app\\packages\\server\\node_modules\\bluebird\\js\\release\\async.js:86:9)\n    at Async._drainQueues (C:\\Users\\akash\\AppData\\Local\\Cypress\\Cache\\4.1.0\\Cypress\\resources\\app\\packages\\server\\node_modules\\bluebird\\js\\release\\async.js:102:5)\n    at Immediate.Async.drainQueues [as _onImmediate] (C:\\Users\\akash\\AppData\\Local\\Cypress\\Cache\\4.1.0\\Cypress\\resources\\app\\packages\\server\\node_modules\\bluebird\\js\\release\\async.js:15:14)\n    at processImmediate (internal/timers.js:439:21)\n",
            "diff": null
          },
          "uuid": "53f9e2a3-0eb6-4aeb-a2bd-702761d32adf",
          "parentUUID": "771c01f7-4168-48b3-a152-7fa13c2b3310",
          "isHook": false,
          "skipped": false
        }
      ],
      "suites": [],
      "passes": [],
      "failures": [
        "53f9e2a3-0eb6-4aeb-a2bd-702761d32adf"
      ],
      "pending": [],
      "skipped": [],
      "duration": 4765,
      "root": true,
      "rootEmpty": false,
      "_timeout": 2000
    }
  ],
  "meta": {
    "mocha": {
      "version": "7.1.1"
    },
    "mochawesome": {
      "options": {
        "quiet": false,
        "reportFilename": "mochawesome",
        "saveHtml": true,
        "saveJson": true,
        "consoleReporter": "spec",
        "useInlineDiffs": false,
        "code": true
      },
      "version": "5.0.0"
    },
    "marge": {
      "options": {
        "id": "default",
        "reportDir": "cypress/reports/mocha",
        "quite": "true",
        "overwrite": false,
        "html": true,
        "json": true
      },
      "version": "4.1.0"
    }
  }
}