{
  "stats": {
    "suites": 1,
    "tests": 1,
    "passes": 1,
    "pending": 0,
    "failures": 0,
    "start": "2020-03-24T09:43:48.802Z",
    "end": "2020-03-24T09:44:05.293Z",
    "duration": 16491,
    "testsRegistered": 1,
    "passPercent": 100,
    "pendingPercent": 0,
    "other": 0,
    "hasOther": false,
    "skipped": 0,
    "hasSkipped": false
  },
  "results": [
    {
      "uuid": "a34c93ba-e25b-4d5b-bfd1-899c7a3dbc0a",
      "title": "",
      "fullFile": "cypress\\integration\\examples\\PageObjectDemo.spec.js",
      "file": "cypress\\integration\\examples\\PageObjectDemo.spec.js",
      "beforeHooks": [],
      "afterHooks": [],
      "tests": [],
      "suites": [
        {
          "uuid": "dce1c459-2773-4ae8-9298-4a7f3bfe4e4e",
          "title": "Page Object demo",
          "fullFile": "",
          "file": "",
          "beforeHooks": [],
          "afterHooks": [],
          "tests": [
            {
              "title": "Login",
              "fullTitle": "Page Object demo Login",
              "timedOut": null,
              "duration": 16262,
              "state": "passed",
              "speed": "slow",
              "pass": true,
              "fail": false,
              "pending": false,
              "context": null,
              "code": "var lp = new _LoginPage[\"default\"]();\nlp.visit();\nlp.EnterEmail('kstanley@commonareas.work.dev');\nlp.EnterPassword('1234567Aa');\nlp.Submit();",
              "err": {},
              "uuid": "fd3f7b7f-9877-4ba9-a636-c130b67ab99a",
              "parentUUID": "dce1c459-2773-4ae8-9298-4a7f3bfe4e4e",
              "isHook": false,
              "skipped": false
            }
          ],
          "suites": [],
          "passes": [
            "fd3f7b7f-9877-4ba9-a636-c130b67ab99a"
          ],
          "failures": [],
          "pending": [],
          "skipped": [],
          "duration": 16262,
          "root": false,
          "rootEmpty": false,
          "_timeout": 2000
        }
      ],
      "passes": [],
      "failures": [],
      "pending": [],
      "skipped": [],
      "duration": 0,
      "root": true,
      "rootEmpty": true,
      "_timeout": 2000
    }
  ],
  "meta": {
    "mocha": {
      "version": "7.1.1"
    },
    "mochawesome": {
      "options": {
        "quiet": false,
        "reportFilename": "mochawesome",
        "saveHtml": false,
        "saveJson": true,
        "consoleReporter": "spec",
        "useInlineDiffs": false,
        "code": true
      },
      "version": "5.0.0"
    },
    "marge": {
      "options": {
        "id": "default",
        "reportDir": "cypress/reports/mocha",
        "quite": "true",
        "overwrite": false,
        "html": false,
        "json": true
      },
      "version": "4.1.0"
    }
  }
}