{
  "stats": {
    "suites": 1,
    "tests": 7,
    "passes": 6,
    "pending": 0,
    "failures": 1,
    "start": "2020-03-24T12:17:30.609Z",
    "end": "2020-03-24T12:17:53.242Z",
    "duration": 22633,
    "testsRegistered": 7,
    "passPercent": 85.71428571428571,
    "pendingPercent": 0,
    "other": 0,
    "hasOther": false,
    "skipped": 0,
    "hasSkipped": false
  },
  "results": [
    {
      "uuid": "0ac8a62b-1e47-45db-8994-4e32f8990c2e",
      "title": "",
      "fullFile": "cypress\\integration\\examples\\CypressDemo.spec.js",
      "file": "cypress\\integration\\examples\\CypressDemo.spec.js",
      "beforeHooks": [],
      "afterHooks": [],
      "tests": [],
      "suites": [
        {
          "uuid": "591493f4-f8cd-4d9a-8f63-fb3015a95556",
          "title": "Automation Demo",
          "fullFile": "",
          "file": "",
          "beforeHooks": [],
          "afterHooks": [],
          "tests": [
            {
              "title": "Uploading the file form local",
              "fullTitle": "Automation Demo Uploading the file form local",
              "timedOut": null,
              "duration": 4646,
              "state": "failed",
              "speed": null,
              "pass": false,
              "fail": true,
              "pending": false,
              "context": null,
              "code": "cy.visit('https://the-internet.herokuapp.com/upload');\nvar fileName = 'example.json';\ncy.fixture(fileName).then(function (fileContent) {\n  cy.get('#file-upload').upload({\n    fileContent: fileContent,\n    fileName: fileName,\n    mimeType: 'application/json'\n  });\n  cy.get('#file-submit').click();\n  cy.contains('File Uploaded!');\n});",
              "err": {
                "message": "Error: 'example.json' is not valid JSON.\nParse error on line 4:\n...ord\": \"1234567Aa\",}\n---------------------^\nExpecting 'STRING', got '}'",
                "estack": "Error: 'example.json' is not valid JSON.\nParse error on line 4:\n...ord\": \"1234567Aa\",}\n---------------------^\nExpecting 'STRING', got '}'\n    at Object.<anonymous> (C:\\Users\\akash\\AppData\\Local\\Cypress\\Cache\\4.1.0\\Cypress\\resources\\app\\packages\\server\\lib\\fixture.js:136:15)\n    at Object.tryCatcher (C:\\Users\\akash\\AppData\\Local\\Cypress\\Cache\\4.1.0\\Cypress\\resources\\app\\packages\\server\\node_modules\\bluebird\\js\\release\\util.js:16:23)\n    at Promise._settlePromiseFromHandler (C:\\Users\\akash\\AppData\\Local\\Cypress\\Cache\\4.1.0\\Cypress\\resources\\app\\packages\\server\\node_modules\\bluebird\\js\\release\\promise.js:547:31)\n    at Promise._settlePromise (C:\\Users\\akash\\AppData\\Local\\Cypress\\Cache\\4.1.0\\Cypress\\resources\\app\\packages\\server\\node_modules\\bluebird\\js\\release\\promise.js:604:18)\n    at Promise._settlePromise0 (C:\\Users\\akash\\AppData\\Local\\Cypress\\Cache\\4.1.0\\Cypress\\resources\\app\\packages\\server\\node_modules\\bluebird\\js\\release\\promise.js:649:10)\n    at Promise._settlePromises (C:\\Users\\akash\\AppData\\Local\\Cypress\\Cache\\4.1.0\\Cypress\\resources\\app\\packages\\server\\node_modules\\bluebird\\js\\release\\promise.js:725:18)\n    at _drainQueueStep (C:\\Users\\akash\\AppData\\Local\\Cypress\\Cache\\4.1.0\\Cypress\\resources\\app\\packages\\server\\node_modules\\bluebird\\js\\release\\async.js:93:12)\n    at _drainQueue (C:\\Users\\akash\\AppData\\Local\\Cypress\\Cache\\4.1.0\\Cypress\\resources\\app\\packages\\server\\node_modules\\bluebird\\js\\release\\async.js:86:9)\n    at Async._drainQueues (C:\\Users\\akash\\AppData\\Local\\Cypress\\Cache\\4.1.0\\Cypress\\resources\\app\\packages\\server\\node_modules\\bluebird\\js\\release\\async.js:102:5)\n    at Immediate.Async.drainQueues [as _onImmediate] (C:\\Users\\akash\\AppData\\Local\\Cypress\\Cache\\4.1.0\\Cypress\\resources\\app\\packages\\server\\node_modules\\bluebird\\js\\release\\async.js:15:14)\n    at processImmediate (internal/timers.js:439:21)\n",
                "diff": null
              },
              "uuid": "65ef30f8-e300-429f-82fc-1d1e40ba6dcb",
              "parentUUID": "591493f4-f8cd-4d9a-8f63-fb3015a95556",
              "isHook": false,
              "skipped": false
            },
            {
              "title": "Enter the data in text input boxes",
              "fullTitle": "Automation Demo Enter the data in text input boxes",
              "timedOut": null,
              "duration": 6468,
              "state": "passed",
              "speed": "slow",
              "pass": true,
              "fail": false,
              "pending": false,
              "context": null,
              "code": "cy.visit('http://demo.automationtesting.in/Register.html');\ncy.xpath('//input[@placeholder=\"First Name\"]').click().type(\"Aakash\"); //cy.get('#basicBootstrapForm > div:nth-child(1) > div:nth-child(2) > input').click().type(\"Mack\")\ncy.get('#basicBootstrapForm > div:nth-child(1) > div:nth-child(3) > input').click().type(\"Jhon\");\ncy.get('#basicBootstrapForm > div:nth-child(2) > div > textarea').click().type(\"USA\");\ncy.get('#eid > input').click().type(\"tyagi487@gmail.com\");\ncy.get('#basicBootstrapForm > div:nth-child(4) > div > input').click().type(\"7865453234\");\ncy.get('#basicBootstrapForm > div:nth-child(5) > div > label:nth-child(2) > input').click();\ncy.log('you have filled all the information correctly');",
              "err": {},
              "uuid": "ebfe0a98-e608-47b6-ab28-b8e1808b5390",
              "parentUUID": "591493f4-f8cd-4d9a-8f63-fb3015a95556",
              "isHook": false,
              "skipped": false
            },
            {
              "title": "Checking the check boxes and validating data init",
              "fullTitle": "Automation Demo Checking the check boxes and validating data init",
              "timedOut": null,
              "duration": 697,
              "state": "passed",
              "speed": "slow",
              "pass": true,
              "fail": false,
              "pending": false,
              "context": null,
              "code": "cy.get('#checkbox1').check().should('be.checked').and('have.value', 'Cricket');\ncy.get('#checkbox2').check().should('be.checked').and('have.value', 'Movies');\ncy.get('#checkbox3').check().should('be.checked').and('have.value', 'Hockey');",
              "err": {},
              "uuid": "81498ee4-2d4c-47ed-8f20-362638e1207a",
              "parentUUID": "591493f4-f8cd-4d9a-8f63-fb3015a95556",
              "isHook": false,
              "skipped": false
            },
            {
              "title": "Unchecking the check box",
              "fullTitle": "Automation Demo Unchecking the check box",
              "timedOut": null,
              "duration": 398,
              "state": "passed",
              "speed": "slow",
              "pass": true,
              "fail": false,
              "pending": false,
              "context": null,
              "code": "cy.get('#checkbox1').uncheck().should('not.be.checked');\ncy.get('#checkbox2').uncheck().should('not.be.checked');\ncy.get('#checkbox3').uncheck().should('not.be.checked');",
              "err": {},
              "uuid": "ce856daa-34b9-427d-8415-7bc4a40ad01d",
              "parentUUID": "591493f4-f8cd-4d9a-8f63-fb3015a95556",
              "isHook": false,
              "skipped": false
            },
            {
              "title": "checking multiple check boxes at once ",
              "fullTitle": "Automation Demo checking multiple check boxes at once ",
              "timedOut": null,
              "duration": 265,
              "state": "passed",
              "speed": "slow",
              "pass": true,
              "fail": false,
              "pending": false,
              "context": null,
              "code": "cy.get('[type=checkbox]').check(['Cricket', 'Hockey']);",
              "err": {},
              "uuid": "937e31b0-de9e-4c4c-8a35-9546f9cc4534",
              "parentUUID": "591493f4-f8cd-4d9a-8f63-fb3015a95556",
              "isHook": false,
              "skipped": false
            },
            {
              "title": "Handling drop downs",
              "fullTitle": "Automation Demo Handling drop downs",
              "timedOut": null,
              "duration": 220,
              "state": "passed",
              "speed": "slow",
              "pass": true,
              "fail": false,
              "pending": false,
              "context": null,
              "code": "cy.get('#Skills').select('APIs').should('have.value', 'APIs');",
              "err": {},
              "uuid": "f573f612-5723-491b-991c-8f20cfbe3c8c",
              "parentUUID": "591493f4-f8cd-4d9a-8f63-fb3015a95556",
              "isHook": false,
              "skipped": false
            },
            {
              "title": "Handling dynamic or multi select drop downs",
              "fullTitle": "Automation Demo Handling dynamic or multi select drop downs",
              "timedOut": null,
              "duration": 1110,
              "state": "passed",
              "speed": "slow",
              "pass": true,
              "fail": false,
              "pending": false,
              "context": null,
              "code": "cy.get('#msdd').click();\ncy.get('.ui-corner-all').contains('English').click();\ncy.get('.ui-corner-all').contains('Arabic').click();",
              "err": {},
              "uuid": "22d2de9b-7585-497f-801e-23c8b25942bd",
              "parentUUID": "591493f4-f8cd-4d9a-8f63-fb3015a95556",
              "isHook": false,
              "skipped": false
            }
          ],
          "suites": [],
          "passes": [
            "ebfe0a98-e608-47b6-ab28-b8e1808b5390",
            "81498ee4-2d4c-47ed-8f20-362638e1207a",
            "ce856daa-34b9-427d-8415-7bc4a40ad01d",
            "937e31b0-de9e-4c4c-8a35-9546f9cc4534",
            "f573f612-5723-491b-991c-8f20cfbe3c8c",
            "22d2de9b-7585-497f-801e-23c8b25942bd"
          ],
          "failures": [
            "65ef30f8-e300-429f-82fc-1d1e40ba6dcb"
          ],
          "pending": [],
          "skipped": [],
          "duration": 13804,
          "root": false,
          "rootEmpty": false,
          "_timeout": 2000
        }
      ],
      "passes": [],
      "failures": [],
      "pending": [],
      "skipped": [],
      "duration": 0,
      "root": true,
      "rootEmpty": true,
      "_timeout": 2000
    }
  ],
  "meta": {
    "mocha": {
      "version": "7.1.1"
    },
    "mochawesome": {
      "options": {
        "quiet": false,
        "reportFilename": "mochawesome",
        "saveHtml": true,
        "saveJson": true,
        "consoleReporter": "spec",
        "useInlineDiffs": false,
        "code": true
      },
      "version": "5.0.0"
    },
    "marge": {
      "options": {
        "id": "default",
        "reportDir": "cypress/reports/mocha",
        "quite": "true",
        "overwrite": false,
        "html": true,
        "json": true
      },
      "version": "4.1.0"
    }
  }
}