{
  "stats": {
    "suites": 11,
    "tests": 13,
    "passes": 12,
    "pending": 0,
    "failures": 1,
    "start": "2020-03-24T12:16:56.306Z",
    "end": "2020-03-24T12:17:14.295Z",
    "duration": 17989,
    "testsRegistered": 13,
    "passPercent": 92.3076923076923,
    "pendingPercent": 0,
    "other": 0,
    "hasOther": false,
    "skipped": 0,
    "hasSkipped": false
  },
  "results": [
    {
      "uuid": "1ad723bc-5f92-4abe-acae-72c48dc594bc",
      "title": "",
      "fullFile": "cypress\\integration\\examples\\cypress_api.spec.js",
      "file": "cypress\\integration\\examples\\cypress_api.spec.js",
      "beforeHooks": [],
      "afterHooks": [],
      "tests": [],
      "suites": [
        {
          "uuid": "65aac8b7-9337-4f4d-8d7a-253809361c5c",
          "title": "Cypress.Commands",
          "fullFile": "",
          "file": "",
          "beforeHooks": [],
          "afterHooks": [],
          "tests": [
            {
              "title": ".add() - create a custom command",
              "fullTitle": "Cypress.Commands .add() - create a custom command",
              "timedOut": null,
              "duration": 2367,
              "state": "passed",
              "speed": "slow",
              "pass": true,
              "fail": false,
              "pending": false,
              "context": null,
              "code": "Cypress.Commands.add('console', {\n  prevSubject: true\n}, function (subject, method) {\n  // the previous subject is automatically received\n  // and the commands arguments are shifted\n  // allow us to change the console method used\n  method = method || 'log'; // log the subject to the console\n  // @ts-ignore TS7017\n  console[method]('The subject is', subject); // whatever we return becomes the new subject\n  // we don't want to change the subject so\n  // we return whatever was passed in\n  return subject;\n}); // @ts-ignore TS2339\ncy.get('button').console('info').then(function ($button) {// subject is still $button\n});",
              "err": {},
              "uuid": "05f11036-213d-48b2-8361-8e4667abb242",
              "parentUUID": "65aac8b7-9337-4f4d-8d7a-253809361c5c",
              "isHook": false,
              "skipped": false
            }
          ],
          "suites": [],
          "passes": [
            "05f11036-213d-48b2-8361-8e4667abb242"
          ],
          "failures": [],
          "pending": [],
          "skipped": [],
          "duration": 2367,
          "root": false,
          "rootEmpty": false,
          "_timeout": 2000
        },
        {
          "uuid": "77e2b86f-6116-480c-8615-7c62ead9b038",
          "title": "Cypress.Cookies",
          "fullFile": "",
          "file": "",
          "beforeHooks": [],
          "afterHooks": [],
          "tests": [
            {
              "title": ".debug() - enable or disable debugging",
              "fullTitle": "Cypress.Cookies .debug() - enable or disable debugging",
              "timedOut": null,
              "duration": 1998,
              "state": "passed",
              "speed": "slow",
              "pass": true,
              "fail": false,
              "pending": false,
              "context": null,
              "code": "Cypress.Cookies.debug(true); // Cypress will now log in the console when\n// cookies are set or cleared\ncy.setCookie('fakeCookie', '123ABC');\ncy.clearCookie('fakeCookie');\ncy.setCookie('fakeCookie', '123ABC');\ncy.clearCookie('fakeCookie');\ncy.setCookie('fakeCookie', '123ABC');",
              "err": {},
              "uuid": "7fb70ed6-ec21-4815-b656-2192d22a980b",
              "parentUUID": "77e2b86f-6116-480c-8615-7c62ead9b038",
              "isHook": false,
              "skipped": false
            },
            {
              "title": ".preserveOnce() - preserve cookies by key",
              "fullTitle": "Cypress.Cookies .preserveOnce() - preserve cookies by key",
              "timedOut": null,
              "duration": 1210,
              "state": "passed",
              "speed": "slow",
              "pass": true,
              "fail": false,
              "pending": false,
              "context": null,
              "code": "// normally cookies are reset after each test\ncy.getCookie('fakeCookie').should('not.be.ok'); // preserving a cookie will not clear it when\n// the next test starts\ncy.setCookie('lastCookie', '789XYZ');\nCypress.Cookies.preserveOnce('lastCookie');",
              "err": {},
              "uuid": "7c3bbd7c-a31f-4429-9e98-ad1072f3ac04",
              "parentUUID": "77e2b86f-6116-480c-8615-7c62ead9b038",
              "isHook": false,
              "skipped": false
            },
            {
              "title": ".defaults() - set defaults for all cookies",
              "fullTitle": "Cypress.Cookies .defaults() - set defaults for all cookies",
              "timedOut": null,
              "duration": 828,
              "state": "passed",
              "speed": "slow",
              "pass": true,
              "fail": false,
              "pending": false,
              "context": null,
              "code": "// now any cookie with the name 'session_id' will\n// not be cleared before each new test runs\nCypress.Cookies.defaults({\n  whitelist: 'session_id'\n});",
              "err": {},
              "uuid": "85610f9a-4736-4992-8ca9-b89e893df232",
              "parentUUID": "77e2b86f-6116-480c-8615-7c62ead9b038",
              "isHook": false,
              "skipped": false
            }
          ],
          "suites": [],
          "passes": [
            "7fb70ed6-ec21-4815-b656-2192d22a980b",
            "7c3bbd7c-a31f-4429-9e98-ad1072f3ac04",
            "85610f9a-4736-4992-8ca9-b89e893df232"
          ],
          "failures": [],
          "pending": [],
          "skipped": [],
          "duration": 4036,
          "root": false,
          "rootEmpty": false,
          "_timeout": 2000
        },
        {
          "uuid": "670b035e-6ced-4bca-ab84-5164327754fd",
          "title": "Cypress.Server",
          "fullFile": "",
          "file": "",
          "beforeHooks": [],
          "afterHooks": [],
          "tests": [
            {
              "title": ".defaults() - change default config of server",
              "fullTitle": "Cypress.Server .defaults() - change default config of server",
              "timedOut": null,
              "duration": 738,
              "state": "passed",
              "speed": "slow",
              "pass": true,
              "fail": false,
              "pending": false,
              "context": null,
              "code": "Cypress.Server.defaults({\n  delay: 0,\n  force404: false\n});",
              "err": {},
              "uuid": "dec210d4-4d6d-4b70-ac88-6cdaa8129bbc",
              "parentUUID": "670b035e-6ced-4bca-ab84-5164327754fd",
              "isHook": false,
              "skipped": false
            }
          ],
          "suites": [],
          "passes": [
            "dec210d4-4d6d-4b70-ac88-6cdaa8129bbc"
          ],
          "failures": [],
          "pending": [],
          "skipped": [],
          "duration": 738,
          "root": false,
          "rootEmpty": false,
          "_timeout": 2000
        },
        {
          "uuid": "f2170271-dcce-480e-a46e-d873405aafb8",
          "title": "Cypress.arch",
          "fullFile": "",
          "file": "",
          "beforeHooks": [],
          "afterHooks": [],
          "tests": [
            {
              "title": "Get CPU architecture name of underlying OS",
              "fullTitle": "Cypress.arch Get CPU architecture name of underlying OS",
              "timedOut": null,
              "duration": 854,
              "state": "passed",
              "speed": "slow",
              "pass": true,
              "fail": false,
              "pending": false,
              "context": null,
              "code": "// https://on.cypress.io/arch\nexpect(Cypress.arch).to.exist;",
              "err": {},
              "uuid": "d76fc430-a90e-469a-81ba-c4f770d61889",
              "parentUUID": "f2170271-dcce-480e-a46e-d873405aafb8",
              "isHook": false,
              "skipped": false
            }
          ],
          "suites": [],
          "passes": [
            "d76fc430-a90e-469a-81ba-c4f770d61889"
          ],
          "failures": [],
          "pending": [],
          "skipped": [],
          "duration": 854,
          "root": false,
          "rootEmpty": false,
          "_timeout": 2000
        },
        {
          "uuid": "fef1cc23-1302-48c1-97e1-b2b3711c4e50",
          "title": "Cypress.config()",
          "fullFile": "",
          "file": "",
          "beforeHooks": [],
          "afterHooks": [],
          "tests": [
            {
              "title": "Get and set configuration options",
              "fullTitle": "Cypress.config() Get and set configuration options",
              "timedOut": null,
              "duration": 1430,
              "state": "failed",
              "speed": null,
              "pass": false,
              "fail": true,
              "pending": false,
              "context": null,
              "code": "// https://on.cypress.io/config\nvar myConfig = Cypress.config();\nexpect(myConfig).to.have.property('animationDistanceThreshold', 5);\nexpect(myConfig).to.have.property('baseUrl', null);\nexpect(myConfig).to.have.property('defaultCommandTimeout', 4000);\nexpect(myConfig).to.have.property('requestTimeout', 5000);\nexpect(myConfig).to.have.property('responseTimeout', 30000);\nexpect(myConfig).to.have.property('viewportHeight', 660);\nexpect(myConfig).to.have.property('viewportWidth', 1000);\nexpect(myConfig).to.have.property('pageLoadTimeout', 60000);\nexpect(myConfig).to.have.property('waitForAnimations', true);\nexpect(Cypress.config('pageLoadTimeout')).to.eq(60000); // this will change the config for the rest of your tests!\nCypress.config('pageLoadTimeout', 20000);\nexpect(Cypress.config('pageLoadTimeout')).to.eq(20000);\nCypress.config('pageLoadTimeout', 60000);",
              "err": {
                "message": "AssertionError: expected { Object ($schema, pageLoadTimeout, ...) } to have property 'baseUrl' of null, but got 'https://serviceproviders.ca-test.com/Public/Login?ReturnUrl=%2F'",
                "estack": "AssertionError: expected { Object ($schema, pageLoadTimeout, ...) } to have property 'baseUrl' of null, but got 'https://serviceproviders.ca-test.com/Public/Login?ReturnUrl=%2F'\n    at Context.runnable.fn (https://example.cypress.io/__cypress/runner/cypress_runner.js:137262:24)\n    at callFn (https://example.cypress.io/__cypress/runner/cypress_runner.js:80367:21)\n    at https://example.cypress.io/__cypress/runner/cypress_runner.js:140591:28\n    at PassThroughHandlerContext.finallyHandler (https://example.cypress.io/__cypress/runner/cypress_runner.js:161450:23)\n    at PassThroughHandlerContext.tryCatcher (https://example.cypress.io/__cypress/runner/cypress_runner.js:164895:23)\n    at Promise._settlePromiseFromHandler (https://example.cypress.io/__cypress/runner/cypress_runner.js:162831:31)\n    at Promise._settlePromise (https://example.cypress.io/__cypress/runner/cypress_runner.js:162888:18)\n    at Promise._settlePromise0 (https://example.cypress.io/__cypress/runner/cypress_runner.js:162933:10)\n    at Promise._settlePromises (https://example.cypress.io/__cypress/runner/cypress_runner.js:163012:18)\n    at Async../node_modules/bluebird/js/release/async.js.Async._drainQueue (https://example.cypress.io/__cypress/runner/cypress_runner.js:159620:16)\n    at Async../node_modules/bluebird/js/release/async.js.Async._drainQueues (https://example.cypress.io/__cypress/runner/cypress_runner.js:159630:10)\n    at Async.drainQueues (https://example.cypress.io/__cypress/runner/cypress_runner.js:159504:14)",
                "diff": null
              },
              "uuid": "721d0461-5e6d-497d-addc-8b713c422e93",
              "parentUUID": "fef1cc23-1302-48c1-97e1-b2b3711c4e50",
              "isHook": false,
              "skipped": false
            }
          ],
          "suites": [],
          "passes": [],
          "failures": [
            "721d0461-5e6d-497d-addc-8b713c422e93"
          ],
          "pending": [],
          "skipped": [],
          "duration": 1430,
          "root": false,
          "rootEmpty": false,
          "_timeout": 2000
        },
        {
          "uuid": "342595a5-e631-4fe6-b723-36eed6d60477",
          "title": "Cypress.dom",
          "fullFile": "",
          "file": "",
          "beforeHooks": [],
          "afterHooks": [],
          "tests": [
            {
              "title": ".isHidden() - determine if a DOM element is hidden",
              "fullTitle": "Cypress.dom .isHidden() - determine if a DOM element is hidden",
              "timedOut": null,
              "duration": 863,
              "state": "passed",
              "speed": "slow",
              "pass": true,
              "fail": false,
              "pending": false,
              "context": null,
              "code": "var hiddenP = Cypress.$('.dom-p p.hidden').get(0);\nvar visibleP = Cypress.$('.dom-p p.visible').get(0); // our first paragraph has css class 'hidden'\nexpect(Cypress.dom.isHidden(hiddenP)).to.be[\"true\"];\nexpect(Cypress.dom.isHidden(visibleP)).to.be[\"false\"];",
              "err": {},
              "uuid": "7b159e46-a4f7-4dfb-a082-8bf885f2c12f",
              "parentUUID": "342595a5-e631-4fe6-b723-36eed6d60477",
              "isHook": false,
              "skipped": false
            }
          ],
          "suites": [],
          "passes": [
            "7b159e46-a4f7-4dfb-a082-8bf885f2c12f"
          ],
          "failures": [],
          "pending": [],
          "skipped": [],
          "duration": 863,
          "root": false,
          "rootEmpty": false,
          "_timeout": 2000
        },
        {
          "uuid": "52da71d9-fd79-4d77-bfb8-94b1d35ff569",
          "title": "Cypress.env()",
          "fullFile": "",
          "file": "",
          "beforeHooks": [],
          "afterHooks": [],
          "tests": [
            {
              "title": "Get environment variables",
              "fullTitle": "Cypress.env() Get environment variables",
              "timedOut": null,
              "duration": 732,
              "state": "passed",
              "speed": "slow",
              "pass": true,
              "fail": false,
              "pending": false,
              "context": null,
              "code": "// https://on.cypress.io/env\n// set multiple environment variables\nCypress.env({\n  host: 'veronica.dev.local',\n  api_server: 'http://localhost:8888/v1/'\n}); // get environment variable\nexpect(Cypress.env('host')).to.eq('veronica.dev.local'); // set environment variable\nCypress.env('api_server', 'http://localhost:8888/v2/');\nexpect(Cypress.env('api_server')).to.eq('http://localhost:8888/v2/'); // get all environment variable\nexpect(Cypress.env()).to.have.property('host', 'veronica.dev.local');\nexpect(Cypress.env()).to.have.property('api_server', 'http://localhost:8888/v2/');",
              "err": {},
              "uuid": "8ff853d0-07d6-4810-a5df-29f53930fb3b",
              "parentUUID": "52da71d9-fd79-4d77-bfb8-94b1d35ff569",
              "isHook": false,
              "skipped": false
            }
          ],
          "suites": [],
          "passes": [
            "8ff853d0-07d6-4810-a5df-29f53930fb3b"
          ],
          "failures": [],
          "pending": [],
          "skipped": [],
          "duration": 732,
          "root": false,
          "rootEmpty": false,
          "_timeout": 2000
        },
        {
          "uuid": "c9b50fff-7239-4225-9e23-8ca9844fca99",
          "title": "Cypress.log",
          "fullFile": "",
          "file": "",
          "beforeHooks": [],
          "afterHooks": [],
          "tests": [
            {
              "title": "Control what is printed to the Command Log",
              "fullTitle": "Cypress.log Control what is printed to the Command Log",
              "timedOut": null,
              "duration": 771,
              "state": "passed",
              "speed": "slow",
              "pass": true,
              "fail": false,
              "pending": false,
              "context": null,
              "code": "// https://on.cypress.io/cypress-log",
              "err": {},
              "uuid": "3a3afeec-4dbb-4723-95d9-ac1fc1db33e8",
              "parentUUID": "c9b50fff-7239-4225-9e23-8ca9844fca99",
              "isHook": false,
              "skipped": false
            }
          ],
          "suites": [],
          "passes": [
            "3a3afeec-4dbb-4723-95d9-ac1fc1db33e8"
          ],
          "failures": [],
          "pending": [],
          "skipped": [],
          "duration": 771,
          "root": false,
          "rootEmpty": false,
          "_timeout": 2000
        },
        {
          "uuid": "2699558e-855a-46ab-a545-3d3e0636e127",
          "title": "Cypress.platform",
          "fullFile": "",
          "file": "",
          "beforeHooks": [],
          "afterHooks": [],
          "tests": [
            {
              "title": "Get underlying OS name",
              "fullTitle": "Cypress.platform Get underlying OS name",
              "timedOut": null,
              "duration": 846,
              "state": "passed",
              "speed": "slow",
              "pass": true,
              "fail": false,
              "pending": false,
              "context": null,
              "code": "// https://on.cypress.io/platform\nexpect(Cypress.platform).to.be.exist;",
              "err": {},
              "uuid": "10a8dabc-83a1-4051-b29a-6c0348f85d46",
              "parentUUID": "2699558e-855a-46ab-a545-3d3e0636e127",
              "isHook": false,
              "skipped": false
            }
          ],
          "suites": [],
          "passes": [
            "10a8dabc-83a1-4051-b29a-6c0348f85d46"
          ],
          "failures": [],
          "pending": [],
          "skipped": [],
          "duration": 846,
          "root": false,
          "rootEmpty": false,
          "_timeout": 2000
        },
        {
          "uuid": "9998f5ad-5589-44d7-b87b-18a8d98cb30f",
          "title": "Cypress.version",
          "fullFile": "",
          "file": "",
          "beforeHooks": [],
          "afterHooks": [],
          "tests": [
            {
              "title": "Get current version of Cypress being run",
              "fullTitle": "Cypress.version Get current version of Cypress being run",
              "timedOut": null,
              "duration": 859,
              "state": "passed",
              "speed": "slow",
              "pass": true,
              "fail": false,
              "pending": false,
              "context": null,
              "code": "// https://on.cypress.io/version\nexpect(Cypress.version).to.be.exist;",
              "err": {},
              "uuid": "21ff1cfb-abf6-41cd-bdb3-df0bec70466d",
              "parentUUID": "9998f5ad-5589-44d7-b87b-18a8d98cb30f",
              "isHook": false,
              "skipped": false
            }
          ],
          "suites": [],
          "passes": [
            "21ff1cfb-abf6-41cd-bdb3-df0bec70466d"
          ],
          "failures": [],
          "pending": [],
          "skipped": [],
          "duration": 859,
          "root": false,
          "rootEmpty": false,
          "_timeout": 2000
        },
        {
          "uuid": "7ed6c9a6-5a56-42bd-a176-4e228ad30262",
          "title": "Cypress.spec",
          "fullFile": "",
          "file": "",
          "beforeHooks": [],
          "afterHooks": [],
          "tests": [
            {
              "title": "Get current spec information",
              "fullTitle": "Cypress.spec Get current spec information",
              "timedOut": null,
              "duration": 780,
              "state": "passed",
              "speed": "slow",
              "pass": true,
              "fail": false,
              "pending": false,
              "context": null,
              "code": "// https://on.cypress.io/spec\n// wrap the object so we can inspect it easily by clicking in the command log\ncy.wrap(Cypress.spec).should('include.keys', ['name', 'relative', 'absolute']);",
              "err": {},
              "uuid": "0c1789dc-ffb5-43fb-bfb9-10cba2435039",
              "parentUUID": "7ed6c9a6-5a56-42bd-a176-4e228ad30262",
              "isHook": false,
              "skipped": false
            }
          ],
          "suites": [],
          "passes": [
            "0c1789dc-ffb5-43fb-bfb9-10cba2435039"
          ],
          "failures": [],
          "pending": [],
          "skipped": [],
          "duration": 780,
          "root": false,
          "rootEmpty": false,
          "_timeout": 2000
        }
      ],
      "passes": [],
      "failures": [],
      "pending": [],
      "skipped": [],
      "duration": 0,
      "root": true,
      "rootEmpty": true,
      "_timeout": 2000
    }
  ],
  "meta": {
    "mocha": {
      "version": "7.1.1"
    },
    "mochawesome": {
      "options": {
        "quiet": false,
        "reportFilename": "mochawesome",
        "saveHtml": true,
        "saveJson": true,
        "consoleReporter": "spec",
        "useInlineDiffs": false,
        "code": true
      },
      "version": "5.0.0"
    },
    "marge": {
      "options": {
        "id": "default",
        "reportDir": "cypress/reports/mocha",
        "quite": "true",
        "overwrite": false,
        "html": true,
        "json": true
      },
      "version": "4.1.0"
    }
  }
}